Log file open, 09/19/16 17:12:01
LogInit:Display: Running engine for game: MultiScope
LogPlatformFile: Not using cached read wrapper
LogInit:Display: RandInit(-1813544369) SRandInit(-1813544369).
LogTaskGraph: Started task graph with 5 named threads and 8 total threads with 1 sets of task threads.
LogStats: Stats thread started at 0.089143
LogPluginManager: Loaded Plugin Paper2D, From C:/Program Files (x86)/Epic Games/4.13/Engine/Plugins/2D/Paper2D/Paper2D.uplugin
LogPluginManager: Loaded Plugin LightPropagationVolume, From C:/Program Files (x86)/Epic Games/4.13/Engine/Plugins/Blendables/LightPropagationVolume/LightPropagationVolume.uplugin
LogPluginManager: Loaded Plugin BlankPlugin, From C:/Program Files (x86)/Epic Games/4.13/Engine/Plugins/Developer/BlankPlugin/BlankPlugin.uplugin
LogPluginManager: Loaded Plugin CodeLiteSourceCodeAccess, From C:/Program Files (x86)/Epic Games/4.13/Engine/Plugins/Developer/CodeLiteSourceCodeAccess/CodeLiteSourceCodeAccess.uplugin
LogPluginManager: Loaded Plugin GitSourceControl, From C:/Program Files (x86)/Epic Games/4.13/Engine/Plugins/Developer/GitSourceControl/GitSourceControl.uplugin
LogPluginManager: Loaded Plugin KDevelopSourceCodeAccess, From C:/Program Files (x86)/Epic Games/4.13/Engine/Plugins/Developer/KDevelopSourceCodeAccess/KDevelopSourceCodeAccess.uplugin
LogPluginManager: Loaded Plugin NullSourceCodeAccess, From C:/Program Files (x86)/Epic Games/4.13/Engine/Plugins/Developer/NullSourceCodeAccess/NullSourceCodeAccess.uplugin
LogPluginManager: Loaded Plugin OneSkyLocalizationService, From C:/Program Files (x86)/Epic Games/4.13/Engine/Plugins/Developer/OneSkyLocalizationService/OneSkyLocalizationService.uplugin
LogPluginManager: Loaded Plugin PerforceSourceControl, From C:/Program Files (x86)/Epic Games/4.13/Engine/Plugins/Developer/PerforceSourceControl/PerforceSourceControl.uplugin
LogPluginManager: Loaded Plugin SubversionSourceControl, From C:/Program Files (x86)/Epic Games/4.13/Engine/Plugins/Developer/SubversionSourceControl/SubversionSourceControl.uplugin
LogPluginManager: Loaded Plugin UObjectPlugin, From C:/Program Files (x86)/Epic Games/4.13/Engine/Plugins/Developer/UObjectPlugin/UObjectPlugin.uplugin
LogPluginManager: Loaded Plugin VisualStudioSourceCodeAccess, From C:/Program Files (x86)/Epic Games/4.13/Engine/Plugins/Developer/VisualStudioSourceCodeAccess/VisualStudioSourceCodeAccess.uplugin
LogPluginManager: Loaded Plugin XCodeSourceCodeAccess, From C:/Program Files (x86)/Epic Games/4.13/Engine/Plugins/Developer/XCodeSourceCodeAccess/XCodeSourceCodeAccess.uplugin
LogPluginManager: Loaded Plugin EpicSurvey, From C:/Program Files (x86)/Epic Games/4.13/Engine/Plugins/Editor/EpicSurvey/EpicSurvey.uplugin
LogPluginManager: Loaded Plugin MacGraphicsSwitching, From C:/Program Files (x86)/Epic Games/4.13/Engine/Plugins/Editor/MacGraphicsSwitching/MacGraphicsSwitching.uplugin
LogPluginManager: Loaded Plugin MobileLauncherProfileWizard, From C:/Program Files (x86)/Epic Games/4.13/Engine/Plugins/Editor/MobileLauncherProfileWizard/MobileLauncherProfileWizard.uplugin
LogPluginManager: Loaded Plugin PluginBrowser, From C:/Program Files (x86)/Epic Games/4.13/Engine/Plugins/Editor/PluginBrowser/PluginBrowser.uplugin
LogPluginManager: Loaded Plugin SpeedTreeImporter, From C:/Program Files (x86)/Epic Games/4.13/Engine/Plugins/Editor/SpeedTreeImporter/SpeedTreeImporter.uplugin
LogPluginManager: Loaded Plugin SuperSearchEditor, From C:/Program Files (x86)/Epic Games/4.13/Engine/Plugins/Editor/SuperSearchEditor/SuperSearchEditor.uplugin
LogPluginManager: Loaded Plugin AlembicImporter, From C:/Program Files (x86)/Epic Games/4.13/Engine/Plugins/Experimental/AlembicImporter/AlembicImporter.uplugin
LogPluginManager: Loaded Plugin BlueprintStats, From C:/Program Files (x86)/Epic Games/4.13/Engine/Plugins/Experimental/BlueprintStats/BlueprintStats.uplugin
LogPluginManager: Loaded Plugin CharacterAI, From C:/Program Files (x86)/Epic Games/4.13/Engine/Plugins/Experimental/CharacterAI/CharacterAI.uplugin
LogPluginManager: Loaded Plugin CodeEditor, From C:/Program Files (x86)/Epic Games/4.13/Engine/Plugins/Experimental/CodeEditor/CodeEditor.uplugin
LogPluginManager: Loaded Plugin CodeView, From C:/Program Files (x86)/Epic Games/4.13/Engine/Plugins/Experimental/CodeView/CodeView.uplugin
LogPluginManager: Loaded Plugin HTML5Networking, From C:/Program Files (x86)/Epic Games/4.13/Engine/Plugins/Experimental/HTML5Networking/HTML5Networking.uplugin
LogPluginManager: Loaded Plugin LiveEditor, From C:/Program Files (x86)/Epic Games/4.13/Engine/Plugins/Experimental/LiveEditor/LiveEditor.uplugin
LogPluginManager: Loaded Plugin OSVR, From C:/Program Files (x86)/Epic Games/4.13/Engine/Plugins/Experimental/OSVR/OSVR.uplugin
LogPluginManager: Loaded Plugin Phya, From C:/Program Files (x86)/Epic Games/4.13/Engine/Plugins/Experimental/Phya/Phya.uplugin
LogPluginManager: Loaded Plugin SignificanceManager, From C:/Program Files (x86)/Epic Games/4.13/Engine/Plugins/Experimental/SignificanceManager/SignificanceManager.uplugin
LogPluginManager: Loaded Plugin SimpleHMD, From C:/Program Files (x86)/Epic Games/4.13/Engine/Plugins/Experimental/SimpleHMD/SimpleHMD.uplugin
LogPluginManager: Loaded Plugin StereoPanorama, From C:/Program Files (x86)/Epic Games/4.13/Engine/Plugins/Experimental/StereoPanorama/StereoPanorama.uplugin
LogPluginManager: Loaded Plugin StructBox, From C:/Program Files (x86)/Epic Games/4.13/Engine/Plugins/Experimental/StructBox/StructBox.uplugin
LogPluginManager: Loaded Plugin AndroidMedia, From C:/Program Files (x86)/Epic Games/4.13/Engine/Plugins/Media/AndroidMedia/AndroidMedia.uplugin
LogPluginManager: Loaded Plugin AvfMedia, From C:/Program Files (x86)/Epic Games/4.13/Engine/Plugins/Media/AvfMedia/AvfMedia.uplugin
LogPluginManager: Loaded Plugin MediaPlayerEditor, From C:/Program Files (x86)/Epic Games/4.13/Engine/Plugins/Media/MediaPlayerEditor/MediaPlayerEditor.uplugin
LogPluginManager: Loaded Plugin WmfMedia, From C:/Program Files (x86)/Epic Games/4.13/Engine/Plugins/Media/WmfMedia/WmfMedia.uplugin
LogPluginManager: Loaded Plugin MessagingDebugger, From C:/Program Files (x86)/Epic Games/4.13/Engine/Plugins/Messaging/MessagingDebugger/MessagingDebugger.uplugin
LogPluginManager: Loaded Plugin TcpMessaging, From C:/Program Files (x86)/Epic Games/4.13/Engine/Plugins/Messaging/TcpMessaging/TcpMessaging.uplugin
LogPluginManager: Loaded Plugin UdpMessaging, From C:/Program Files (x86)/Epic Games/4.13/Engine/Plugins/Messaging/UdpMessaging/UdpMessaging.uplugin
LogPluginManager: Loaded Plugin LevelSequenceEditor, From C:/Program Files (x86)/Epic Games/4.13/Engine/Plugins/MovieScene/LevelSequenceEditor/LevelSequenceEditor.uplugin
LogPluginManager: Loaded Plugin MatineeToLevelSequence, From C:/Program Files (x86)/Epic Games/4.13/Engine/Plugins/MovieScene/MatineeToLevelSequence/MatineeToLevelSequence.uplugin
LogPluginManager: Loaded Plugin NetcodeUnitTest, From C:/Program Files (x86)/Epic Games/4.13/Engine/Plugins/NetcodeUnitTest/NetcodeUnitTest/NetcodeUnitTest.uplugin
LogPluginManager: Loaded Plugin NUTUnrealEngine4, From C:/Program Files (x86)/Epic Games/4.13/Engine/Plugins/NetcodeUnitTest/NUTUnrealEngine4/NUTUnrealEngine4.uplugin
LogPluginManager: Loaded Plugin OnlineSubsystemGooglePlay, From C:/Program Files (x86)/Epic Games/4.13/Engine/Plugins/Online/Android/OnlineSubsystemGooglePlay/OnlineSubsystemGooglePlay.uplugin
LogPluginManager: Loaded Plugin OnlineSubsystemIOS, From C:/Program Files (x86)/Epic Games/4.13/Engine/Plugins/Online/IOS/OnlineSubsystemIOS/OnlineSubsystemIOS.uplugin
LogPluginManager: Loaded Plugin OnlineFramework, From C:/Program Files (x86)/Epic Games/4.13/Engine/Plugins/Online/OnlineFramework/OnlineFramework.uplugin
LogPluginManager: Loaded Plugin OnlineSubsystem, From C:/Program Files (x86)/Epic Games/4.13/Engine/Plugins/Online/OnlineSubsystem/OnlineSubsystem.uplugin
LogPluginManager: Loaded Plugin OnlineSubsystemAmazon, From C:/Program Files (x86)/Epic Games/4.13/Engine/Plugins/Online/OnlineSubsystemAmazon/OnlineSubsystemAmazon.uplugin
LogPluginManager: Loaded Plugin OnlineSubsystemFacebook, From C:/Program Files (x86)/Epic Games/4.13/Engine/Plugins/Online/OnlineSubsystemFacebook/OnlineSubsystemFacebook.uplugin
LogPluginManager: Loaded Plugin OnlineSubsystemNull, From C:/Program Files (x86)/Epic Games/4.13/Engine/Plugins/Online/OnlineSubsystemNull/OnlineSubsystemNull.uplugin
LogPluginManager: Loaded Plugin OnlineSubsystemOculus, From C:/Program Files (x86)/Epic Games/4.13/Engine/Plugins/Online/OnlineSubsystemOculus/OnlineSubsystemOculus.uplugin
LogPluginManager: Loaded Plugin OnlineSubsystemSteam, From C:/Program Files (x86)/Epic Games/4.13/Engine/Plugins/Online/OnlineSubsystemSteam/OnlineSubsystemSteam.uplugin
LogPluginManager: Loaded Plugin OnlineSubsystemUtils, From C:/Program Files (x86)/Epic Games/4.13/Engine/Plugins/Online/OnlineSubsystemUtils/OnlineSubsystemUtils.uplugin
LogPluginManager: Loaded Plugin IOSTapJoy, From C:/Program Files (x86)/Epic Games/4.13/Engine/Plugins/Runtime/Advertising/IOSTapJoy/IOSTapJoy.uplugin
LogPluginManager: Loaded Plugin AnalyticsBlueprintLibrary, From C:/Program Files (x86)/Epic Games/4.13/Engine/Plugins/Runtime/Analytics/AnalyticsBlueprintLibrary/AnalyticsBlueprintLibrary.uplugin
LogPluginManager: Loaded Plugin AnalyticsMulticast, From C:/Program Files (x86)/Epic Games/4.13/Engine/Plugins/Runtime/Analytics/AnalyticsMulticast/AnalyticsMulticast.uplugin
LogPluginManager: Loaded Plugin Apsalar, From C:/Program Files (x86)/Epic Games/4.13/Engine/Plugins/Runtime/Analytics/Apsalar/Apsalar.uplugin
LogPluginManager: Loaded Plugin FileLogging, From C:/Program Files (x86)/Epic Games/4.13/Engine/Plugins/Runtime/Analytics/FileLogging/FileLogging.uplugin
LogPluginManager: Loaded Plugin Flurry, From C:/Program Files (x86)/Epic Games/4.13/Engine/Plugins/Runtime/Analytics/Flurry/Flurry.uplugin
LogPluginManager: Loaded Plugin AndroidDeviceProfileSelector, From C:/Program Files (x86)/Epic Games/4.13/Engine/Plugins/Runtime/AndroidDeviceProfileSelector/AndroidDeviceProfileSelector.uplugin
LogPluginManager: Loaded Plugin AndroidMoviePlayer, From C:/Program Files (x86)/Epic Games/4.13/Engine/Plugins/Runtime/AndroidMoviePlayer/AndroidMoviePlayer.uplugin
LogPluginManager: Loaded Plugin AppleMoviePlayer, From C:/Program Files (x86)/Epic Games/4.13/Engine/Plugins/Runtime/AppleMoviePlayer/AppleMoviePlayer.uplugin
LogPluginManager: Loaded Plugin ArchVisCharacter, From C:/Program Files (x86)/Epic Games/4.13/Engine/Plugins/Runtime/ArchVisCharacter/ArchVisCharacter.uplugin
LogPluginManager: Loaded Plugin CableComponent, From C:/Program Files (x86)/Epic Games/4.13/Engine/Plugins/Runtime/CableComponent/CableComponent.uplugin
LogPluginManager: Loaded Plugin CustomMeshComponent, From C:/Program Files (x86)/Epic Games/4.13/Engine/Plugins/Runtime/CustomMeshComponent/CustomMeshComponent.uplugin
LogPluginManager: Loaded Plugin ExampleDeviceProfileSelector, From C:/Program Files (x86)/Epic Games/4.13/Engine/Plugins/Runtime/ExampleDeviceProfileSelector/ExampleDeviceProfileSelector.uplugin
LogPluginManager: Loaded Plugin GearVR, From C:/Program Files (x86)/Epic Games/4.13/Engine/Plugins/Runtime/GearVR/GearVR.uplugin
LogPluginManager: Loaded Plugin GoogleVRController, From C:/Program Files (x86)/Epic Games/4.13/Engine/Plugins/Runtime/GoogleVR/GoogleVRController/GoogleVRController.uplugin
LogPluginManager: Loaded Plugin GoogleVRHMD, From C:/Program Files (x86)/Epic Games/4.13/Engine/Plugins/Runtime/GoogleVR/GoogleVRHMD/GoogleVRHMD.uplugin
LogPluginManager: Loaded Plugin IOSDeviceProfileSelector, From C:/Program Files (x86)/Epic Games/4.13/Engine/Plugins/Runtime/IOSDeviceProfileSelector/IOSDeviceProfileSelector.uplugin
LogPluginManager: Loaded Plugin LeapMotion, From C:/Program Files (x86)/Epic Games/4.13/Engine/Plugins/Runtime/LeapMotion/LeapMotion.uplugin
LogPluginManager: Loaded Plugin LinuxDeviceProfileSelector, From C:/Program Files (x86)/Epic Games/4.13/Engine/Plugins/Runtime/LinuxDeviceProfileSelector/LinuxDeviceProfileSelector.uplugin
LogPluginManager: Loaded Plugin LiveEditorListenServer, From C:/Program Files (x86)/Epic Games/4.13/Engine/Plugins/Runtime/LiveEditorListenServer/LiveEditorListenServer.uplugin
LogPluginManager: Loaded Plugin OculusAudio, From C:/Program Files (x86)/Epic Games/4.13/Engine/Plugins/Runtime/OculusAudio/OculusAudio.uplugin
LogPluginManager: Loaded Plugin OculusInput, From C:/Program Files (x86)/Epic Games/4.13/Engine/Plugins/Runtime/OculusInput/OculusInput.uplugin
LogPluginManager: Loaded Plugin OculusLibrary, From C:/Program Files (x86)/Epic Games/4.13/Engine/Plugins/Runtime/OculusLibrary/OculusLibrary.uplugin
LogPluginManager: Loaded Plugin OculusRift, From C:/Program Files (x86)/Epic Games/4.13/Engine/Plugins/Runtime/OculusRift/OculusRift.uplugin
LogPluginManager: Loaded Plugin Oodle, From C:/Program Files (x86)/Epic Games/4.13/Engine/Plugins/Runtime/PacketHandlers/CompressionComponents/Oodle/Oodle.uplugin
LogPluginManager: Loaded Plugin ProceduralMeshComponent, From C:/Program Files (x86)/Epic Games/4.13/Engine/Plugins/Runtime/ProceduralMeshComponent/ProceduralMeshComponent.uplugin
LogPluginManager: Loaded Plugin SoundMod, From C:/Program Files (x86)/Epic Games/4.13/Engine/Plugins/Runtime/SoundMod/SoundMod.uplugin
LogPluginManager: Loaded Plugin SoundVisualizations, From C:/Program Files (x86)/Epic Games/4.13/Engine/Plugins/Runtime/SoundVisualizations/SoundVisualizations.uplugin
LogPluginManager: Loaded Plugin SteamController, From C:/Program Files (x86)/Epic Games/4.13/Engine/Plugins/Runtime/Steam/SteamController/SteamController.uplugin
LogPluginManager: Loaded Plugin SteamVR, From C:/Program Files (x86)/Epic Games/4.13/Engine/Plugins/Runtime/Steam/SteamVR/SteamVR.uplugin
LogPluginManager: Loaded Plugin WebBrowserWidget, From C:/Program Files (x86)/Epic Games/4.13/Engine/Plugins/Runtime/WebBrowserWidget/WebBrowserWidget.uplugin
LogPluginManager: Loaded Plugin WindowsDeviceProfileSelector, From C:/Program Files (x86)/Epic Games/4.13/Engine/Plugins/Runtime/WindowsDeviceProfileSelector/WindowsDeviceProfileSelector.uplugin
LogPluginManager: Loaded Plugin WindowsMoviePlayer, From C:/Program Files (x86)/Epic Games/4.13/Engine/Plugins/Runtime/WindowsMoviePlayer/WindowsMoviePlayer.uplugin
LogPluginManager: Loaded Plugin ScriptPlugin, From C:/Program Files (x86)/Epic Games/4.13/Engine/Plugins/ScriptPlugin/ScriptPlugin.uplugin
LogPluginManager: Loaded Plugin SlateRemote, From C:/Program Files (x86)/Epic Games/4.13/Engine/Plugins/Slate/SlateRemote/SlateRemote.uplugin
LogInit: Using libcurl 7.47.1
LogInit:  - built for x86_64-pc-win32
LogInit:  - supports SSL with WinSSL
LogInit:  - other features:
LogInit:      CURL_VERSION_SSL
LogInit:      CURL_VERSION_IPV6
LogInit:      CURL_VERSION_ASYNCHDNS
LogInit:      CURL_VERSION_LARGEFILE
LogInit:      CURL_VERSION_IDN
LogInit:  CurlRequestOptions (configurable via config and command line):
LogInit:  - bVerifyPeer = false  - Libcurl will NOT verify peer certificate
LogInit:  - bUseHttpProxy = false  - Libcurl will NOT use HTTP proxy
LogInit:  - bDontReuseConnections = false  - Libcurl will reuse connections
LogInit:  - CertBundlePath = nullptr  - Libcurl will use whatever was configured at build time.
LogInit: Build: ++UE4+Release-4.13-CL-3106830
LogInit: Engine Version: 4.13.0-3106830+++UE4+Release-4.13
LogInit: Compatible Engine Version: 4.13.0-3106830+++UE4+Release-4.13
LogInit: Net CL: 3106830
LogDevObjectVersion: Number of dev versions registered: 13
LogDevObjectVersion:   Dev-Blueprints (B0D832E4-1F89-4F0D-ACCF-7EB736FD4AA2): 5
LogDevObjectVersion:   Dev-Build (E1C64328-A22C-4D53-A36C-8E866417BD8C): 0
LogDevObjectVersion:   Dev-Core (375EC13C-06E4-48FB-B500-84F0262A717E): 1
LogDevObjectVersion:   Dev-Editor (E4B068ED-F494-42E9-A231-DA0B2E46BB41): 6
LogDevObjectVersion:   Dev-Framework (CFFC743F-43B0-4480-9391-14DF171D2073): 12
LogDevObjectVersion:   Dev-Mobile (B02B49B5-BB20-44E9-A304-32B752E40360): 0
LogDevObjectVersion:   Dev-Networking (A4E4105C-59A1-49B5-A7C5-40C4547EDFEE): 0
LogDevObjectVersion:   Dev-Online (39C831C9-5AE6-47DC-9A44-9C173E1C8E7C): 0
LogDevObjectVersion:   Dev-Physics (78F01B33-EBEA-4F98-B9B4-84EACCB95AA2): 0
LogDevObjectVersion:   Dev-Platform (6631380F-2D4D-43E0-8009-CF276956A95A): 0
LogDevObjectVersion:   Dev-Rendering (12F88B9F-8875-4AFC-A67C-D90C383ABD29): 4
LogDevObjectVersion:   Dev-Sequencer (7B5AE74C-D270-4C10-A958-57980B212A5A): 0
LogDevObjectVersion:   Dev-VR (D7296918-1DD6-4BDD-9DE2-64A83CC13884): 0
LogInit: Compiled (64-bit): Aug 30 2016 18:11:39
LogInit: Compiled with Visual C++: 19.00.23026.00
LogInit: Build Configuration: Development
LogInit: Branch Name: ++UE4+Release-4.13
LogInit: Command line:  
LogInit: Base directory: C:/Program Files (x86)/Epic Games/4.13/Engine/Binaries/Win64/
LogInit: Installed Engine Build: 1
LogInit: Presizing for max 8388607 objects, including 0 objects not considered by GC, pre-allocating 0 bytes for permanent pool.
LogInit: Object subsystem initialized
[2016.09.19-21.12.02:245][  0]LogInit: Selected Device Profile: [Windows]
[2016.09.19-21.12.02:245][  0]LogInit: Applying CVar settings loaded from the selected device profile: [Windows]
[2016.09.19-21.12.02:288][  0]LogInit: Computer: COMPUTERNAME
[2016.09.19-21.12.02:288][  0]LogInit: User: pezla
[2016.09.19-21.12.02:288][  0]LogInit: CPU Page size=65536, Cores=4
[2016.09.19-21.12.02:288][  0]LogInit: High frequency timer resolution =2.648441 MHz
[2016.09.19-21.12.02:289][  0]LogMemory: Memory total: Physical=31.9GB (32GB approx)
[2016.09.19-21.12.02:289][  0]LogMemory: Platform Memory Stats for Windows
[2016.09.19-21.12.02:289][  0]LogMemory: Process Physical Memory: 256.06 MB used, 256.06 MB peak
[2016.09.19-21.12.02:289][  0]LogMemory: Process Virtual Memory: 259.96 MB used, 259.96 MB peak
[2016.09.19-21.12.02:289][  0]LogMemory: Physical Memory: 7043.25 MB used, 32678.32 MB total
[2016.09.19-21.12.02:289][  0]LogMemory: Virtual Memory: 624.20 MB used, 134217728.00 MB total
[2016.09.19-21.12.02:565][  0]LogTextLocalizationManager: No specific translations for ('en-US') exist, so ('en') translations will be used.
[2016.09.19-21.12.05:839][  0]LogD3D11RHI: D3D11 adapters:
[2016.09.19-21.12.05:912][  0]LogD3D11RHI:    0. 'NVIDIA GeForce GTX 980M' (Feature Level 11_0)
[2016.09.19-21.12.05:913][  0]LogD3D11RHI:       8093/0/16339 MB DedicatedVideo/DedicatedSystem/SharedSystem, Outputs:1, VendorId:0x10de
[2016.09.19-21.12.05:927][  0]LogD3D11RHI:    1. 'Intel(R) HD Graphics 530' (Feature Level 11_0)
[2016.09.19-21.12.05:927][  0]LogD3D11RHI:       128/0/16339 MB DedicatedVideo/DedicatedSystem/SharedSystem, Outputs:0, VendorId:0x8086
[2016.09.19-21.12.05:931][  0]LogD3D11RHI:    2. 'Microsoft Basic Render Driver' (Feature Level 11_0)
[2016.09.19-21.12.05:931][  0]LogD3D11RHI:       0/0/16339 MB DedicatedVideo/DedicatedSystem/SharedSystem, Outputs:0, VendorId:0x1414
[2016.09.19-21.12.05:931][  0]LogD3D11RHI: Chosen D3D11 Adapter: 0
[2016.09.19-21.12.05:941][  0]LogD3D11RHI: Creating new Direct3DDevice
[2016.09.19-21.12.05:941][  0]LogD3D11RHI:     GPU DeviceId: 0x13d7 (for the marketing name, search the web for "GPU Device Id")
[2016.09.19-21.12.05:941][  0]LogWindows: EnumDisplayDevices:
[2016.09.19-21.12.05:941][  0]LogWindows:    0. 'Intel(R) HD Graphics 530' (P:1 D:1)
[2016.09.19-21.12.05:942][  0]LogWindows:    1. 'Intel(R) HD Graphics 530' (P:0 D:0)
[2016.09.19-21.12.05:942][  0]LogWindows:    2. 'Intel(R) HD Graphics 530' (P:0 D:0)
[2016.09.19-21.12.05:942][  0]LogWindows:    3. 'NVIDIA GeForce GTX 980M' (P:0 D:0)
[2016.09.19-21.12.05:943][  0]LogWindows:    4. 'NVIDIA GeForce GTX 980M' (P:0 D:0)
[2016.09.19-21.12.05:943][  0]LogWindows:    5. 'NVIDIA GeForce GTX 980M' (P:0 D:0)
[2016.09.19-21.12.05:943][  0]LogWindows:    6. 'NVIDIA GeForce GTX 980M' (P:0 D:0)
[2016.09.19-21.12.05:944][  0]LogWindows: DebugString: PrimaryIsNotTheChoosenAdapter PrimaryIsNotTheChoosenAdapter PrimaryIsNotTheChoosenAdapter FoundDriverCount:4 
[2016.09.19-21.12.05:944][  0]LogD3D11RHI:     Adapter Name: NVIDIA GeForce GTX 980M
[2016.09.19-21.12.05:944][  0]LogD3D11RHI:   Driver Version: 354.35 (internal:10.18.13.5435, unified:354.35)
[2016.09.19-21.12.05:944][  0]LogD3D11RHI:      Driver Date: 10-14-2015
[2016.09.19-21.12.05:944][  0]LogRHI: Texture pool is 1361 MB (70% of 1945 MB)
[2016.09.19-21.12.05:980][  0]LogD3D11RHI: Async texture creation enabled
[2016.09.19-21.12.06:030][  0]LogD3D11RHI: GPU Timing Frequency: 1000.000000 (Debug: 2 1)
[2016.09.19-21.12.06:040][  0]LogShaderCompilers: Guid format shader working directory is -31 characters bigger than the processId version (../../../../../../Users/pezla/OneDrive/Documents/GitHub/Mysterybox/MultiScope/Intermediate/Shaders/WorkingDirectory/8216/).
[2016.09.19-21.12.06:040][  0]LogShaderCompilers: Cleaned the shader compiler working directory 'C:/Users/pezla/AppData/Local/Temp/UnrealShaderWorkingDir/6EDD85374DA08BACDB20CA9443EC5F09/'.
[2016.09.19-21.12.06:041][  0]LogShaderCompilers:Display: Using Local Shader Compiler.
[2016.09.19-21.12.09:738][  0]LogTemp:Display: Loaded TP AllDesktopTargetPlatform
[2016.09.19-21.12.09:760][  0]LogTemp:Display: Loaded TP WindowsClientTargetPlatform
[2016.09.19-21.12.09:779][  0]LogTemp:Display: Loaded TP WindowsNoEditorTargetPlatform
[2016.09.19-21.12.09:799][  0]LogTemp:Display: Loaded TP WindowsServerTargetPlatform
[2016.09.19-21.12.09:818][  0]LogTemp:Display: Loaded TP WindowsTargetPlatform
[2016.09.19-21.12.09:842][  0]LogTemp:Display: Loaded TP AndroidTargetPlatform
[2016.09.19-21.12.09:859][  0]LogTemp:Display: Loaded TP Android_ASTCTargetPlatform
[2016.09.19-21.12.09:871][  0]LogTemp:Display: Loaded TP Android_ATCTargetPlatform
[2016.09.19-21.12.09:882][  0]LogTemp:Display: Loaded TP Android_DXTTargetPlatform
[2016.09.19-21.12.09:892][  0]LogTemp:Display: Loaded TP Android_ETC1TargetPlatform
[2016.09.19-21.12.09:899][  0]LogTemp:Display: Loaded TP Android_ETC2TargetPlatform
[2016.09.19-21.12.09:912][  0]LogTemp:Display: Loaded TP Android_MultiTargetPlatform
[2016.09.19-21.12.09:912][  0]LogTemp:Display: Loaded TP Android_PVRTCTargetPlatform
[2016.09.19-21.12.09:913][  0]LogTemp:Display: Loaded TP HTML5TargetPlatform
[2016.09.19-21.12.09:958][  0]LogTemp:Display: Loaded TP IOSTargetPlatform
[2016.09.19-21.12.09:964][  0]LogTemp:Display: Loaded TP TVOSTargetPlatform
[2016.09.19-21.12.09:970][  0]LogTemp:Display: Loaded TP LinuxClientTargetPlatform
[2016.09.19-21.12.09:976][  0]LogTemp:Display: Loaded TP LinuxNoEditorTargetPlatform
[2016.09.19-21.12.09:982][  0]LogTemp:Display: Loaded TP LinuxServerTargetPlatform
[2016.09.19-21.12.09:991][  0]LogTemp:Display: Loaded TP LinuxTargetPlatform
[2016.09.19-21.12.09:991][  0]LogTargetPlatformManager:Display: Building Assets For Windows
[2016.09.19-21.12.10:592][  0]LogDerivedDataCache:Display: Max Cache Size: 512 MB
[2016.09.19-21.12.10:915][  0]LogDerivedDataCache: Loaded boot cache 0.32s 62MB C:/Users/pezla/AppData/Local/UnrealEngine/4.13/DerivedDataCache/Boot.ddc.
[2016.09.19-21.12.10:915][  0]LogDerivedDataCache:Display: Loaded Boot cache: C:/Users/pezla/AppData/Local/UnrealEngine/4.13/DerivedDataCache/Boot.ddc
[2016.09.19-21.12.10:915][  0]LogDerivedDataCache: FDerivedDataBackendGraph:  Pak pak cache file ../../../../../../Users/pezla/OneDrive/Documents/GitHub/Mysterybox/MultiScope/DerivedDataCache/DDC.ddp not found, will not use a pak cache.
[2016.09.19-21.12.10:915][  0]LogDerivedDataCache: Unable to find inner node Pak for hierarchical cache Hierarchy.
[2016.09.19-21.12.10:915][  0]LogDerivedDataCache: FDerivedDataBackendGraph:  CompressedPak pak cache file ../../../../../../Users/pezla/OneDrive/Documents/GitHub/Mysterybox/MultiScope/DerivedDataCache/Compressed.ddp not found, will not use a pak cache.
[2016.09.19-21.12.10:915][  0]LogDerivedDataCache: Unable to find inner node CompressedPak for hierarchical cache Hierarchy.
[2016.09.19-21.12.10:968][  0]LogDerivedDataCache:Display: Pak cache opened for reading ../../../Engine/DerivedDataCache/Compressed.ddp.
[2016.09.19-21.12.10:981][  0]LogDerivedDataCache: Using Local data cache path C:/Users/pezla/AppData/Local/UnrealEngine/Common/DerivedDataCache: Writable
[2016.09.19-21.12.14:442][  0]LogInit: Selected Device Profile: [Windows]
[2016.09.19-21.12.14:460][  0]LogContentStreaming: Texture pool size is 0.00 MB
[2016.09.19-21.12.14:579][  0]LogMeshUtilities: No automatic mesh reduction module available
[2016.09.19-21.12.14:579][  0]LogMeshUtilities: No automatic mesh merging module available
[2016.09.19-21.12.14:579][  0]LogMeshUtilities: No distributed automatic mesh merging module available
[2016.09.19-21.12.14:821][  0]LogMaterial: Uniform references updated for custom material expression Custom.
[2016.09.19-21.12.15:502][  0]LogNetVersion: GetLocalNetworkVersion: CL: 3106830, ProjectName: multiscope, ProjectVersion: , EngineNetworkVersion: 1, GameNetworkVersion: 0, NetworkChecksum: 3456883743
[2016.09.19-21.12.15:562][  0]LogAssetRegistry: FAssetRegistry took 0.0257 seconds to start up
[2016.09.19-21.12.15:628][  0]LogPackageLocalizationCache: Processed 3 localized package path(s) for 2 prioritized culture(s) in 0.060334 seconds
[2016.09.19-21.12.15:638][  0]LogUObjectArray: 29777 objects as part of root set at end of initial load.
[2016.09.19-21.12.15:638][  0]LogUObjectAllocator: 6124696 out of 0 bytes used by permanent object pool.
[2016.09.19-21.12.15:638][  0]LogUObjectArray: CloseDisregardForGC: 0/0 objects in disregard for GC pool
[2016.09.19-21.12.15:648][  0]LogInit: WinSock: version 1.1 (2.2), MaxSocks=32767, MaxUdp=65467
[2016.09.19-21.12.16:576][  0]LogSlate: SlateFontCache - WITH_FREETYPE: 1, WITH_HARFBUZZ: 1
[2016.09.19-21.12.16:576][  0]LogSlate: SlateFontCache - WITH_FREETYPE: 1, WITH_HARFBUZZ: 1
[2016.09.19-21.12.20:499][  0]LogUdpMessaging: Initializing bridge on interface 0.0.0.0:0 to multicast group 230.0.0.1:6666.
[2016.09.19-21.12.21:344][  0]SourceControl: Info Source control is disabled
[2016.09.19-21.12.21:346][  0]SourceControl: Info Source control is disabled
[2016.09.19-21.12.21:360][  0]SourceControl: Info Source control is disabled
[2016.09.19-21.12.21:371][  0]SourceControl: Info Source control is disabled
[2016.09.19-21.12.21:811][  0]LogEngine: Initializing Engine...
[2016.09.19-21.12.21:813][  0]LogHMD: Failed to initialize OpenVR with code 110
[2016.09.19-21.12.22:331][  0]LogAIModule: Creating AISystem for world Untitled
[2016.09.19-21.12.22:357][  0]LogInit: XAudio2 using 'Speakers (Realtek High Definition Audio)' : 2 channels at 48 kHz using 32 bits per sample (channel mask 0x3)
[2016.09.19-21.12.22:475][  0]LogInit: FAudioDevice initialized.
[2016.09.19-21.12.22:535][  0]LogDerivedDataCache: Saved boot cache 0.06s 62MB C:/Users/pezla/AppData/Local/UnrealEngine/4.13/DerivedDataCache/Boot.ddc.
[2016.09.19-21.12.22:549][  0]LogInit: Texture streaming: Enabled
[2016.09.19-21.12.22:599][  0]LogInit: Transaction tracking system initialized
[2016.09.19-21.12.22:654][  0]BlueprintLog: New page: Editor Load
[2016.09.19-21.12.22:835][  0]LocalizationService: Info Localization service is disabled
[2016.09.19-21.12.22:980][  0]LogConsoleResponse:Display: 
[2016.09.19-21.12.23:700][  0]LogCook:Display: Max memory allowance for cook 16384mb min free memory 0mb
[2016.09.19-21.12.23:700][  0]LogCook:Display: Mobile HDR setting 1
[2016.09.19-21.12.24:169][  0]LogFileCache: Scanning file cache for directory 'C:/Users/pezla/OneDrive/Documents/GitHub/Mysterybox/MultiScope/Content/' took 0.02s
[2016.09.19-21.12.24:169][  0]SourceControl: Info Source control is disabled
[2016.09.19-21.12.24:171][  0]Cmd: MAP LOAD FILE="../../../../../../Users/pezla/OneDrive/Documents/GitHub/Mysterybox/MultiScope/Content/ThirdPersonBP/Maps/ThirdPersonExampleMap.umap" TEMPLATE=0 SHOWPROGRESS=1 FEATURELEVEL=3
[2016.09.19-21.12.24:182][  0]LightingResults: New page: Lighting Build
[2016.09.19-21.12.24:194][  0]MapCheck: New page: Map Check
[2016.09.19-21.12.24:194][  0]LightingResults: New page: Lighting Build
[2016.09.19-21.12.25:225][  0]LogAIModule: Creating AISystem for world ThirdPersonExampleMap
[2016.09.19-21.12.25:427][  0]LogEditorServer: Finished looking for orphan Actors (0.000 secs)
[2016.09.19-21.12.25:429][  0]Cmd: MAP CHECKDEP NOCLEARLOG
[2016.09.19-21.12.25:466][  0]MapCheck: Info Map check complete: 0 Error(s), 0 Warning(s), took 36.894ms to complete.
[2016.09.19-21.12.25:466][  0]LogFileHelpers: Loading map 'ThirdPersonExampleMap' took 1.296
[2016.09.19-21.12.25:628][  0]LogCollectionManager: Loaded 0 collections in 0.001224 seconds
[2016.09.19-21.12.25:684][  0]LogFileCache: Scanning file cache for directory 'C:/Users/pezla/OneDrive/Documents/GitHub/Mysterybox/MultiScope/Saved/Collections/' took 0.01s
[2016.09.19-21.12.25:684][  0]LogFileCache: Scanning file cache for directory 'C:/Users/pezla/OneDrive/Documents/GitHub/Mysterybox/MultiScope/Content/Developers/pezla/Collections/' took 0.01s
[2016.09.19-21.12.25:684][  0]LogFileCache: Scanning file cache for directory 'C:/Users/pezla/OneDrive/Documents/GitHub/Mysterybox/MultiScope/Content/Collections/' took 0.01s
[2016.09.19-21.12.25:684][  0]LogCollectionManager: Rebuilt the GUID cache for 0 collections in 0.000003 seconds
[2016.09.19-21.12.25:696][  0]LogContentBrowser: Native class hierarchy populated in 0.0100 seconds. Added 2141 classes and 415 folders.
[2016.09.19-21.12.25:703][  0]LogStats: UGameplayTagsManager::ConstructGameplayTagTree: Construct from data asset -  0.000 s
[2016.09.19-21.12.25:703][  0]LogStats: UGameplayTagsManager::ConstructGameplayTagTree: GameplayTagTreeChangedEvent.Broadcast -  0.000 s
[2016.09.19-21.12.25:704][  0]LogContentBrowser: Native class hierarchy updated for 'GameplayTags' in 0.0006 seconds. Added 12 classes and 0 folders.
[2016.09.19-21.12.25:709][  0]LogContentBrowser: Native class hierarchy updated for 'WidgetCarousel' in 0.0004 seconds. Added 0 classes and 0 folders.
[2016.09.19-21.12.26:121][  0]LogContentBrowser: Native class hierarchy updated for 'AddContentDialog' in 0.0006 seconds. Added 0 classes and 0 folders.
[2016.09.19-21.12.26:134][  0]LogContentBrowser: Native class hierarchy updated for 'SceneOutliner' in 0.0007 seconds. Added 1 classes and 2 folders.
[2016.09.19-21.12.26:225][  0]LogCrashTracker: Crashtracker disabled due to settings.
[2016.09.19-21.12.26:248][  0]LogUObjectGlobals:Warning: Failed to find object 'Class None.'
[2016.09.19-21.12.26:288][  0]LogContentBrowser: Native class hierarchy updated for 'HierarchicalLODOutliner' in 0.0012 seconds. Added 1 classes and 2 folders.
[2016.09.19-21.12.26:289][  0]LogLoad: (Engine Initialization) Total time: 27.14 seconds
[2016.09.19-21.12.26:289][  0]LogLoad: (Engine Initialization) Total Blueprint compile time: 0.18 seconds
[2016.09.19-21.12.26:289][  0]LogExternalProfiler: Found external profiler: VSPerf
[2016.09.19-21.12.26:289][  0]LogExternalProfiler: Using external profiler: VSPerf
[2016.09.19-21.12.26:309][  0]LogOcInput: OculusInput pre-init called
[2016.09.19-21.12.26:354][  0]LogContentStreaming: Texture pool size now 1000 MB
[2016.09.19-21.12.26:778][  0]LogRenderer: Reallocating scene render targets to support 876x436 (Frame:2).
[2016.09.19-21.12.26:964][  2]LogAssetRegistry: Asset discovery search completed in 11.4254 seconds
[2016.09.19-21.12.26:964][  2]LogCollectionManager: Rebuilt the object cache for 0 collections in 0.000001 seconds (found 0 objects)
[2016.09.19-21.12.26:964][  2]LogCollectionManager: Fixed up redirectors for 0 collections in 0.000363 seconds (updated 0 objects)
[2016.09.19-21.14.06:946][958]LogBlueprintUserMessages: Early PlayInEditor Detection: Level '/Game/ThirdPersonBP/Maps/ThirdPersonExampleMap.ThirdPersonExampleMap:PersistentLevel' has LevelScriptBlueprint '/Game/ThirdPersonBP/Maps/ThirdPersonExampleMap.ThirdPersonExampleMap:PersistentLevel.ThirdPersonExampleMap' with GeneratedClass '/Game/ThirdPersonBP/Maps/ThirdPersonExampleMap.ThirdPersonExampleMap_C' with ClassGeneratedBy '/Game/ThirdPersonBP/Maps/ThirdPersonExampleMap.ThirdPersonExampleMap:PersistentLevel.ThirdPersonExampleMap'
[2016.09.19-21.14.06:946][958]LogPlayLevel: PlayLevel: No blueprints needed recompiling
[2016.09.19-21.14.06:958][958]PIE: New page: PIE session: ThirdPersonExampleMap (Sep 19, 2016, 12:14:06 PM)
[2016.09.19-21.14.06:958][958]LogPlayLevel: Creating play world package: /Game/ThirdPersonBP/Maps/UEDPIE_1_ThirdPersonExampleMap
[2016.09.19-21.14.06:987][958]LogPlayLevel: PIE: StaticDuplicateObject took: (0.029133s)
[2016.09.19-21.14.06:988][958]LogAIModule: Creating AISystem for world ThirdPersonExampleMap
[2016.09.19-21.14.06:988][958]LogPlayLevel: PIE: World Init took: (0.001106s)
[2016.09.19-21.14.06:988][958]LogPlayLevel: PIE: Created PIE world by copying editor world from /Game/ThirdPersonBP/Maps/ThirdPersonExampleMap.ThirdPersonExampleMap to /Game/ThirdPersonBP/Maps/UEDPIE_1_ThirdPersonExampleMap.ThirdPersonExampleMap (0.030497s)
[2016.09.19-21.14.07:015][958]LogInit: XAudio2 using 'Speakers (Realtek High Definition Audio)' : 2 channels at 48 kHz using 32 bits per sample (channel mask 0x3)
[2016.09.19-21.14.07:023][958]LogInit: FAudioDevice initialized.
[2016.09.19-21.14.07:094][958]LogWorld: Game class is 'ThirdPersonGameMode_C'
[2016.09.19-21.14.07:100][958]LogWorld: Bringing World /Game/ThirdPersonBP/Maps/UEDPIE_1_ThirdPersonExampleMap.ThirdPersonExampleMap up for play (max tick rate 60) at 2016.09.19-17.14.07
[2016.09.19-21.14.07:101][958]LogWorld: Bringing up level for play took: 0.003991
[2016.09.19-21.14.07:109][958]LogContentBrowser: Native class hierarchy updated for 'MovieSceneCapture' in 0.0007 seconds. Added 11 classes and 0 folders.
[2016.09.19-21.14.07:111][958]LogInit: WinSock: Socket queue 131072 / 131072
[2016.09.19-21.14.07:113][958]LogInit: WinSock: I am ComputerName (192.168.0.18:0)
[2016.09.19-21.14.07:113][958]PacketHandlerLog: Loaded PacketHandler component: Engine.EngineHandlerComponentFactory (StatelessConnectHandlerComponent)
[2016.09.19-21.14.07:114][958]LogNet: GameNetDriver IpNetDriver_0 IpNetDriver listening on port 7777
[2016.09.19-21.14.07:114][958]LogGameMode:Display: Match State Changed from EnteringMap to WaitingToStart
[2016.09.19-21.14.07:114][958]LogGameState: Match State Changed from EnteringMap to WaitingToStart
[2016.09.19-21.14.07:114][958]LogGameMode:Display: Match State Changed from WaitingToStart to InProgress
[2016.09.19-21.14.07:115][958]LogGameState: Match State Changed from WaitingToStart to InProgress
[2016.09.19-21.14.07:119][958]PIE: Info Play in editor start time for /Game/ThirdPersonBP/Maps/UEDPIE_1_ThirdPersonExampleMap 0.324
[2016.09.19-21.14.07:121][958]PIE: New page: PIE session: ThirdPersonExampleMap (Sep 19, 2016, 12:14:07 PM)
[2016.09.19-21.14.07:172][958]LogNet: Browse: 127.0.0.1//Game/ThirdPersonBP/Maps/ThirdPersonExampleMap
[2016.09.19-21.14.07:172][958]LogInit: WinSock: Socket queue 32768 / 32768
[2016.09.19-21.14.07:172][958]PacketHandlerLog: Loaded PacketHandler component: Engine.EngineHandlerComponentFactory (StatelessConnectHandlerComponent)
[2016.09.19-21.14.07:173][958]LogNet: Game client on port 7777, rate 10000
[2016.09.19-21.14.07:173][958]LogNetVersion: GetLocalNetworkVersion: CL: 3106830, ProjectName: multiscope, ProjectVersion: 1.0.0.0, EngineNetworkVersion: 1, GameNetworkVersion: 0, NetworkChecksum: 1767586275
[2016.09.19-21.14.07:173][958]LogNet: UPendingNetGame::InitNetDriver: Sending hello. [UNetConnection] RemoteAddr: 127.0.0.1:7777, Name: IpConnection_0, Driver: PendingNetDriver IpNetDriver_1, IsServer: NO, PC: NULL, Owner: NULL
[2016.09.19-21.14.07:178][958]PIE: Info Play in editor start time for /Game/ThirdPersonBP/Maps/ThirdPersonExampleMap 0.383
[2016.09.19-21.14.07:186][958]LogBlueprintUserMessages: Late PlayInEditor Detection: Level '/Game/ThirdPersonBP/Maps/ThirdPersonExampleMap.ThirdPersonExampleMap:PersistentLevel' has LevelScriptBlueprint '/Game/ThirdPersonBP/Maps/ThirdPersonExampleMap.ThirdPersonExampleMap:PersistentLevel.ThirdPersonExampleMap' with GeneratedClass '/Game/ThirdPersonBP/Maps/ThirdPersonExampleMap.ThirdPersonExampleMap_C' with ClassGeneratedBy '/Game/ThirdPersonBP/Maps/ThirdPersonExampleMap.ThirdPersonExampleMap:PersistentLevel.ThirdPersonExampleMap'
[2016.09.19-21.14.07:187][958]LogHandshake: SendConnectChallenge. Timestamp: 0.016667, Cookie: 058183049128234071163101028134190081176170211131165249035006
[2016.09.19-21.14.07:195][958]LogHandshake: SendChallengeResponse. Timestamp: 0.016667, Cookie: 058183049128234071163101028134190081176170211131165249035006
[2016.09.19-21.14.07:296][959]LogNet: Server accepting post-challenge connection from: 127.0.0.1:57629
[2016.09.19-21.14.07:296][959]PacketHandlerLog: Loaded PacketHandler component: Engine.EngineHandlerComponentFactory (StatelessConnectHandlerComponent)
[2016.09.19-21.14.07:297][959]LogNet: NotifyAcceptedConnection: Name: ThirdPersonExampleMap, TimeStamp: 09/19/16 17:14:07, [UNetConnection] RemoteAddr: 127.0.0.1:57629, Name: IpConnection_1, Driver: GameNetDriver IpNetDriver_0, IsServer: YES, PC: NULL, Owner: NULL
[2016.09.19-21.14.07:297][959]LogNet: AddClientConnection: Added client connection: [UNetConnection] RemoteAddr: 127.0.0.1:57629, Name: IpConnection_1, Driver: GameNetDriver IpNetDriver_0, IsServer: YES, PC: NULL, Owner: NULL
[2016.09.19-21.14.07:413][961]LogNet: NotifyAcceptingChannel Control 0 server World /Game/ThirdPersonBP/Maps/UEDPIE_1_ThirdPersonExampleMap.ThirdPersonExampleMap: Accepted
[2016.09.19-21.14.07:413][961]LogNet: Remote platform little endian=1
[2016.09.19-21.14.07:413][961]LogNet: This platform little endian=1
[2016.09.19-21.14.07:429][962]LogNet: Login request: /Game/ThirdPersonBP/Maps/ThirdPersonExampleMap userId: Invalid
[2016.09.19-21.14.07:431][962]LogNet: Welcomed by server (Level: /Game/ThirdPersonBP/Maps/UEDPIE_1_ThirdPersonExampleMap, Game: /Game/ThirdPersonBP/Blueprints/ThirdPersonGameMode.ThirdPersonGameMode_C)
[2016.09.19-21.14.07:431][962]LogLoad: LoadMap: 127.0.0.1//Game/ThirdPersonBP/Maps/UEDPIE_1_ThirdPersonExampleMap?game=/Game/ThirdPersonBP/Blueprints/ThirdPersonGameMode.ThirdPersonGameMode_C
[2016.09.19-21.14.07:446][962]Cmd: MEM
[2016.09.19-21.14.07:460][962]LogMemory: Platform Memory Stats for Windows
[2016.09.19-21.14.07:460][962]LogMemory: Process Physical Memory: 971.15 MB used, 977.38 MB peak
[2016.09.19-21.14.07:460][962]LogMemory: Process Virtual Memory: 1456.46 MB used, 1461.65 MB peak
[2016.09.19-21.14.07:460][962]LogMemory: Physical Memory: 7791.52 MB used, 32678.32 MB total
[2016.09.19-21.14.07:460][962]LogMemory: Virtual Memory: 2227.07 MB used, 134217728.00 MB total
[2016.09.19-21.14.07:460][962]LogMemory: 
[2016.09.19-21.14.07:460][962]Allocator Stats for TBB: (not implemented)
[2016.09.19-21.14.07:484][962]LogWorld: PIE: Copying PIE streaming level from /Game/ThirdPersonBP/Maps/ThirdPersonExampleMap.ThirdPersonExampleMap to /Game/ThirdPersonBP/Maps/UEDPIE_2_ThirdPersonExampleMap.ThirdPersonExampleMap. OwningWorld: <null>
[2016.09.19-21.14.07:485][962]LogAIModule: Creating AISystem for world ThirdPersonExampleMap
[2016.09.19-21.14.07:491][962]LogWorld: Bringing World /Game/ThirdPersonBP/Maps/UEDPIE_2_ThirdPersonExampleMap.ThirdPersonExampleMap up for play (max tick rate 60) at 2016.09.19-17.14.07
[2016.09.19-21.14.07:493][962]LogWorld: Bringing up level for play took: 0.005531
[2016.09.19-21.14.07:493][962]LogLoad: Took 0.061943 seconds to LoadMap(/Game/ThirdPersonBP/Maps/UEDPIE_1_ThirdPersonExampleMap)
[2016.09.19-21.14.07:508][963]LogNet: Client netspeed is 10000
[2016.09.19-21.14.07:509][963]LogNet: Join request: /Game/ThirdPersonBP/Maps/ThirdPersonExampleMap?SplitscreenCount=1
[2016.09.19-21.14.07:513][963]LogNet: Join succeeded: 257
[2016.09.19-21.15.30:276][873]LogBlueprintUserMessages: Early EndPlayMap Detection: Level '/Game/ThirdPersonBP/Maps/ThirdPersonExampleMap.ThirdPersonExampleMap:PersistentLevel' has LevelScriptBlueprint '/Game/ThirdPersonBP/Maps/ThirdPersonExampleMap.ThirdPersonExampleMap:PersistentLevel.ThirdPersonExampleMap' with GeneratedClass '/Game/ThirdPersonBP/Maps/ThirdPersonExampleMap.ThirdPersonExampleMap_C' with ClassGeneratedBy '/Game/ThirdPersonBP/Maps/ThirdPersonExampleMap.ThirdPersonExampleMap:PersistentLevel.ThirdPersonExampleMap'
[2016.09.19-21.15.30:381][873]LogBlueprintUserMessages: Late EndPlayMap Detection: Level '/Game/ThirdPersonBP/Maps/ThirdPersonExampleMap.ThirdPersonExampleMap:PersistentLevel' has LevelScriptBlueprint '/Game/ThirdPersonBP/Maps/ThirdPersonExampleMap.ThirdPersonExampleMap:PersistentLevel.ThirdPersonExampleMap' with GeneratedClass '/Game/ThirdPersonBP/Maps/ThirdPersonExampleMap.ThirdPersonExampleMap_C' with ClassGeneratedBy '/Game/ThirdPersonBP/Maps/ThirdPersonExampleMap.ThirdPersonExampleMap:PersistentLevel.ThirdPersonExampleMap'
[2016.09.19-21.15.30:404][873]LogNet: UChannel::CleanUp: ChIndex == 0. Closing connection. [UChannel] ChIndex: 0, Closing: 0 [UNetConnection] RemoteAddr: 127.0.0.1:57629, Name: IpConnection_1, Driver: GameNetDriver IpNetDriver_0, IsServer: YES, PC: None, Owner: None
[2016.09.19-21.15.30:404][873]LogNet: UNetConnection::Close: [UNetConnection] RemoteAddr: 127.0.0.1:57629, Name: IpConnection_1, Driver: GameNetDriver IpNetDriver_0, IsServer: YES, PC: None, Owner: None, Channels: 2, Time: 2016.09.19-21.15.30
[2016.09.19-21.15.30:404][873]LogNet: UChannel::Close: Sending CloseBunch. ChIndex == 0. Name: [UChannel] ChIndex: 0, Closing: 0 [UNetConnection] RemoteAddr: 127.0.0.1:57629, Name: IpConnection_1, Driver: GameNetDriver IpNetDriver_0, IsServer: YES, PC: None, Owner: None
[2016.09.19-21.15.30:404][873]LogNet: UChannel::CleanUp: ChIndex == 0. Closing connection. [UChannel] ChIndex: 0, Closing: 0 [UNetConnection] RemoteAddr: 127.0.0.1:7777, Name: IpConnection_0, Driver: GameNetDriver IpNetDriver_1, IsServer: NO, PC: None, Owner: None
[2016.09.19-21.15.30:404][873]LogNet: UNetConnection::Close: [UNetConnection] RemoteAddr: 127.0.0.1:7777, Name: IpConnection_0, Driver: GameNetDriver IpNetDriver_1, IsServer: NO, PC: None, Owner: None, Channels: 2, Time: 2016.09.19-21.15.30
[2016.09.19-21.15.30:404][873]LogNet: UChannel::Close: Sending CloseBunch. ChIndex == 0. Name: [UChannel] ChIndex: 0, Closing: 0 [UNetConnection] RemoteAddr: 127.0.0.1:7777, Name: IpConnection_0, Driver: GameNetDriver IpNetDriver_1, IsServer: NO, PC: None, Owner: None
[2016.09.19-21.15.30:410][873]LogExit: GameNetDriver None shut down
[2016.09.19-21.15.30:410][873]LogExit: GameNetDriver None shut down
[2016.09.19-21.15.48:061][880]LogContentBrowser: Native class hierarchy updated for 'BlueprintGraph' in 0.0007 seconds. Added 112 classes and 0 folders.
[2016.09.19-21.18.32:004][925]LogRenderer: Reallocating scene render targets to support 912x684 (Frame:25985).
[2016.09.19-21.18.36:533][351]LogBlueprintUserMessages: Early PlayInEditor Detection: Level '/Game/ThirdPersonBP/Maps/ThirdPersonExampleMap.ThirdPersonExampleMap:PersistentLevel' has LevelScriptBlueprint '/Game/ThirdPersonBP/Maps/ThirdPersonExampleMap.ThirdPersonExampleMap:PersistentLevel.ThirdPersonExampleMap' with GeneratedClass '/Game/ThirdPersonBP/Maps/ThirdPersonExampleMap.ThirdPersonExampleMap_C' with ClassGeneratedBy '/Game/ThirdPersonBP/Maps/ThirdPersonExampleMap.ThirdPersonExampleMap:PersistentLevel.ThirdPersonExampleMap'
[2016.09.19-21.18.36:534][351]LogPlayLevel: PlayLevel: No blueprints needed recompiling
[2016.09.19-21.18.36:536][351]PIE: New page: PIE session: ThirdPersonExampleMap (Sep 19, 2016, 12:18:36 PM)
[2016.09.19-21.18.36:536][351]LogPlayLevel: Creating play world package: /Game/ThirdPersonBP/Maps/UEDPIE_1_ThirdPersonExampleMap
[2016.09.19-21.18.36:561][351]LogPlayLevel: PIE: StaticDuplicateObject took: (0.025035s)
[2016.09.19-21.18.36:562][351]LogAIModule: Creating AISystem for world ThirdPersonExampleMap
[2016.09.19-21.18.36:563][351]LogPlayLevel: PIE: World Init took: (0.001036s)
[2016.09.19-21.18.36:563][351]LogPlayLevel: PIE: Created PIE world by copying editor world from /Game/ThirdPersonBP/Maps/ThirdPersonExampleMap.ThirdPersonExampleMap to /Game/ThirdPersonBP/Maps/UEDPIE_1_ThirdPersonExampleMap.ThirdPersonExampleMap (0.026328s)
[2016.09.19-21.18.36:597][351]LogInit: XAudio2 using 'Speakers (Realtek High Definition Audio)' : 2 channels at 48 kHz using 32 bits per sample (channel mask 0x3)
[2016.09.19-21.18.36:605][351]LogInit: FAudioDevice initialized.
[2016.09.19-21.18.36:650][351]LogWorld: Game class is 'ThirdPersonGameMode_C'
[2016.09.19-21.18.36:655][351]LogWorld: Bringing World /Game/ThirdPersonBP/Maps/UEDPIE_1_ThirdPersonExampleMap.ThirdPersonExampleMap up for play (max tick rate 0) at 2016.09.19-17.18.36
[2016.09.19-21.18.36:655][351]LogWorld: Bringing up level for play took: 0.004195
[2016.09.19-21.18.36:656][351]LogInit: WinSock: Socket queue 131072 / 131072
[2016.09.19-21.18.36:657][351]PacketHandlerLog: Loaded PacketHandler component: Engine.EngineHandlerComponentFactory (StatelessConnectHandlerComponent)
[2016.09.19-21.18.36:657][351]LogNet: GameNetDriver IpNetDriver_2 IpNetDriver listening on port 7777
[2016.09.19-21.18.36:657][351]LogGameMode:Display: Match State Changed from EnteringMap to WaitingToStart
[2016.09.19-21.18.36:657][351]LogGameState: Match State Changed from EnteringMap to WaitingToStart
[2016.09.19-21.18.36:657][351]LogGameMode:Display: Match State Changed from WaitingToStart to InProgress
[2016.09.19-21.18.36:658][351]LogGameState: Match State Changed from WaitingToStart to InProgress
[2016.09.19-21.18.36:663][351]PIE: Info Play in editor start time for /Game/ThirdPersonBP/Maps/UEDPIE_1_ThirdPersonExampleMap -0.131
[2016.09.19-21.18.36:666][351]PIE: New page: PIE session: ThirdPersonExampleMap (Sep 19, 2016, 12:18:36 PM)
[2016.09.19-21.18.36:720][351]LogNet: Browse: 127.0.0.1//Game/ThirdPersonBP/Maps/ThirdPersonExampleMap
[2016.09.19-21.18.36:720][351]LogInit: WinSock: Socket queue 32768 / 32768
[2016.09.19-21.18.36:721][351]PacketHandlerLog: Loaded PacketHandler component: Engine.EngineHandlerComponentFactory (StatelessConnectHandlerComponent)
[2016.09.19-21.18.36:721][351]LogNet: Game client on port 7777, rate 10000
[2016.09.19-21.18.36:721][351]LogNet: UPendingNetGame::InitNetDriver: Sending hello. [UNetConnection] RemoteAddr: 127.0.0.1:7777, Name: IpConnection_2, Driver: PendingNetDriver IpNetDriver_3, IsServer: NO, PC: NULL, Owner: NULL
[2016.09.19-21.18.36:728][351]PIE: Info Play in editor start time for /Game/ThirdPersonBP/Maps/ThirdPersonExampleMap -0.066
[2016.09.19-21.18.36:740][351]LogBlueprintUserMessages: Late PlayInEditor Detection: Level '/Game/ThirdPersonBP/Maps/ThirdPersonExampleMap.ThirdPersonExampleMap:PersistentLevel' has LevelScriptBlueprint '/Game/ThirdPersonBP/Maps/ThirdPersonExampleMap.ThirdPersonExampleMap:PersistentLevel.ThirdPersonExampleMap' with GeneratedClass '/Game/ThirdPersonBP/Maps/ThirdPersonExampleMap.ThirdPersonExampleMap_C' with ClassGeneratedBy '/Game/ThirdPersonBP/Maps/ThirdPersonExampleMap.ThirdPersonExampleMap:PersistentLevel.ThirdPersonExampleMap'
[2016.09.19-21.18.36:740][351]LogHandshake: SendConnectChallenge. Timestamp: 0.010683, Cookie: 252203094087064051190213115086253215122017204240077010090096
[2016.09.19-21.18.36:742][351]LogHandshake: SendChallengeResponse. Timestamp: 0.010683, Cookie: 252203094087064051190213115086253215122017204240077010090096
[2016.09.19-21.18.36:900][352]LogNet: Server accepting post-challenge connection from: 127.0.0.1:63599
[2016.09.19-21.18.36:901][352]PacketHandlerLog: Loaded PacketHandler component: Engine.EngineHandlerComponentFactory (StatelessConnectHandlerComponent)
[2016.09.19-21.18.36:901][352]LogNet: NotifyAcceptedConnection: Name: ThirdPersonExampleMap, TimeStamp: 09/19/16 17:18:36, [UNetConnection] RemoteAddr: 127.0.0.1:63599, Name: IpConnection_3, Driver: GameNetDriver IpNetDriver_2, IsServer: YES, PC: NULL, Owner: NULL
[2016.09.19-21.18.36:901][352]LogNet: AddClientConnection: Added client connection: [UNetConnection] RemoteAddr: 127.0.0.1:63599, Name: IpConnection_3, Driver: GameNetDriver IpNetDriver_2, IsServer: YES, PC: NULL, Owner: NULL
[2016.09.19-21.18.37:008][354]LogNet: NotifyAcceptingChannel Control 0 server World /Game/ThirdPersonBP/Maps/UEDPIE_1_ThirdPersonExampleMap.ThirdPersonExampleMap: Accepted
[2016.09.19-21.18.37:008][354]LogNet: Remote platform little endian=1
[2016.09.19-21.18.37:008][354]LogNet: This platform little endian=1
[2016.09.19-21.18.37:033][355]LogNet: Login request: /Game/ThirdPersonBP/Maps/ThirdPersonExampleMap userId: Invalid
[2016.09.19-21.18.37:035][355]LogNet: Welcomed by server (Level: /Game/ThirdPersonBP/Maps/UEDPIE_1_ThirdPersonExampleMap, Game: /Game/ThirdPersonBP/Blueprints/ThirdPersonGameMode.ThirdPersonGameMode_C)
[2016.09.19-21.18.37:035][355]LogLoad: LoadMap: 127.0.0.1//Game/ThirdPersonBP/Maps/UEDPIE_1_ThirdPersonExampleMap?game=/Game/ThirdPersonBP/Blueprints/ThirdPersonGameMode.ThirdPersonGameMode_C
[2016.09.19-21.18.37:063][355]Cmd: MEM
[2016.09.19-21.18.37:088][355]LogMemory: Platform Memory Stats for Windows
[2016.09.19-21.18.37:088][355]LogMemory: Process Physical Memory: 1164.36 MB used, 1172.94 MB peak
[2016.09.19-21.18.37:088][355]LogMemory: Process Virtual Memory: 1820.24 MB used, 1821.21 MB peak
[2016.09.19-21.18.37:088][355]LogMemory: Physical Memory: 8033.30 MB used, 32678.32 MB total
[2016.09.19-21.18.37:088][355]LogMemory: Virtual Memory: 2658.20 MB used, 134217728.00 MB total
[2016.09.19-21.18.37:088][355]LogMemory: 
[2016.09.19-21.18.37:088][355]Allocator Stats for TBB: (not implemented)
[2016.09.19-21.18.37:117][355]LogWorld: PIE: Copying PIE streaming level from /Game/ThirdPersonBP/Maps/ThirdPersonExampleMap.ThirdPersonExampleMap to /Game/ThirdPersonBP/Maps/UEDPIE_2_ThirdPersonExampleMap.ThirdPersonExampleMap. OwningWorld: <null>
[2016.09.19-21.18.37:118][355]LogAIModule: Creating AISystem for world ThirdPersonExampleMap
[2016.09.19-21.18.37:124][355]LogWorld: Bringing World /Game/ThirdPersonBP/Maps/UEDPIE_2_ThirdPersonExampleMap.ThirdPersonExampleMap up for play (max tick rate 0) at 2016.09.19-17.18.37
[2016.09.19-21.18.37:125][355]LogWorld: Bringing up level for play took: 0.004592
[2016.09.19-21.18.37:125][355]LogLoad: Took 0.090451 seconds to LoadMap(/Game/ThirdPersonBP/Maps/UEDPIE_1_ThirdPersonExampleMap)
[2016.09.19-21.18.37:147][356]LogNet: Client netspeed is 10000
[2016.09.19-21.18.37:147][356]LogNet: Join request: /Game/ThirdPersonBP/Maps/ThirdPersonExampleMap?SplitscreenCount=1
[2016.09.19-21.18.37:151][356]LogNet: Join succeeded: 259
[2016.09.19-21.18.41:394][615]LogBlueprintUserMessages: Early EndPlayMap Detection: Level '/Game/ThirdPersonBP/Maps/ThirdPersonExampleMap.ThirdPersonExampleMap:PersistentLevel' has LevelScriptBlueprint '/Game/ThirdPersonBP/Maps/ThirdPersonExampleMap.ThirdPersonExampleMap:PersistentLevel.ThirdPersonExampleMap' with GeneratedClass '/Game/ThirdPersonBP/Maps/ThirdPersonExampleMap.ThirdPersonExampleMap_C' with ClassGeneratedBy '/Game/ThirdPersonBP/Maps/ThirdPersonExampleMap.ThirdPersonExampleMap:PersistentLevel.ThirdPersonExampleMap'
[2016.09.19-21.18.41:500][615]LogBlueprintUserMessages: Late EndPlayMap Detection: Level '/Game/ThirdPersonBP/Maps/ThirdPersonExampleMap.ThirdPersonExampleMap:PersistentLevel' has LevelScriptBlueprint '/Game/ThirdPersonBP/Maps/ThirdPersonExampleMap.ThirdPersonExampleMap:PersistentLevel.ThirdPersonExampleMap' with GeneratedClass '/Game/ThirdPersonBP/Maps/ThirdPersonExampleMap.ThirdPersonExampleMap_C' with ClassGeneratedBy '/Game/ThirdPersonBP/Maps/ThirdPersonExampleMap.ThirdPersonExampleMap:PersistentLevel.ThirdPersonExampleMap'
[2016.09.19-21.18.41:512][615]LogNet: UChannel::CleanUp: ChIndex == 0. Closing connection. [UChannel] ChIndex: 0, Closing: 0 [UNetConnection] RemoteAddr: 127.0.0.1:63599, Name: IpConnection_3, Driver: GameNetDriver IpNetDriver_2, IsServer: YES, PC: None, Owner: None
[2016.09.19-21.18.41:512][615]LogNet: UNetConnection::Close: [UNetConnection] RemoteAddr: 127.0.0.1:63599, Name: IpConnection_3, Driver: GameNetDriver IpNetDriver_2, IsServer: YES, PC: None, Owner: None, Channels: 2, Time: 2016.09.19-21.18.41
[2016.09.19-21.18.41:512][615]LogNet: UChannel::Close: Sending CloseBunch. ChIndex == 0. Name: [UChannel] ChIndex: 0, Closing: 0 [UNetConnection] RemoteAddr: 127.0.0.1:63599, Name: IpConnection_3, Driver: GameNetDriver IpNetDriver_2, IsServer: YES, PC: None, Owner: None
[2016.09.19-21.18.41:512][615]LogNet: UChannel::CleanUp: ChIndex == 0. Closing connection. [UChannel] ChIndex: 0, Closing: 0 [UNetConnection] RemoteAddr: 127.0.0.1:7777, Name: IpConnection_2, Driver: GameNetDriver IpNetDriver_3, IsServer: NO, PC: None, Owner: None
[2016.09.19-21.18.41:512][615]LogNet: UNetConnection::Close: [UNetConnection] RemoteAddr: 127.0.0.1:7777, Name: IpConnection_2, Driver: GameNetDriver IpNetDriver_3, IsServer: NO, PC: None, Owner: None, Channels: 2, Time: 2016.09.19-21.18.41
[2016.09.19-21.18.41:512][615]LogNet: UChannel::Close: Sending CloseBunch. ChIndex == 0. Name: [UChannel] ChIndex: 0, Closing: 0 [UNetConnection] RemoteAddr: 127.0.0.1:7777, Name: IpConnection_2, Driver: GameNetDriver IpNetDriver_3, IsServer: NO, PC: None, Owner: None
[2016.09.19-21.18.41:515][615]LogExit: GameNetDriver None shut down
[2016.09.19-21.18.41:515][615]LogExit: GameNetDriver None shut down
[2016.09.19-21.23.03:464][578]LogSavePackage: Save=89.54ms
[2016.09.19-21.23.03:465][578]LogSavePackage: Moving '../../../../../../Users/pezla/OneDrive/Documents/GitHub/Mysterybox/MultiScope/Saved/ThirdPersonCharacter974DEEB4410207DE7AFC94970854FF1B.tmp' to '../../../../../../Users/pezla/OneDrive/Documents/GitHub/Mysterybox/MultiScope/Content/ThirdPersonBP/Blueprints/ThirdPersonCharacter.uasset'
[2016.09.19-21.23.03:471][578]LogSavePackage:Display: Finished SavePackage ../../../../../../Users/pezla/OneDrive/Documents/GitHub/Mysterybox/MultiScope/Content/ThirdPersonBP/Blueprints/ThirdPersonCharacter.uasset
[2016.09.19-21.24.58:351][456]Cmd: QUIT_EDITOR
[2016.09.19-21.24.59:280][456]LogWindowsTextInputMethodSystem:Display: IME system now deactivated.
[2016.09.19-21.24.59:324][456]LogExit: Preparing to exit.
[2016.09.19-21.24.59:857][456]LogDirectoryWatcher: A directory notification for 'C:/Users/pezla/OneDrive/Documents/GitHub/Mysterybox/MultiScope/Content/' was aborted.
[2016.09.19-21.24.59:913][456]LogExit: Editor shut down
[2016.09.19-21.24.59:913][456]LogExit: Transaction tracking system shut down
[2016.09.19-21.25.00:178][456]LogObj: Freed 0b from 0 cluster array pools.
[2016.09.19-21.25.00:178][456]LogExit: Object subsystem successfully closed.
[2016.09.19-21.25.00:199][456]LogD3D11RHI: Shutdown
[2016.09.19-21.25.00:199][456]LogD3D11RHI: CleanupD3DDevice
[2016.09.19-21.25.00:298][456]LogD3D11RHI: ~FD3D11DynamicRHI
[2016.09.19-21.25.00:323][456]LogModuleManager: Shutting down and abandoning module BlueprintGraph (237)
[2016.09.19-21.25.00:323][456]LogModuleManager: Shutting down and abandoning module BlueprintProfiler (236)
[2016.09.19-21.25.00:324][456]LogModuleManager: Shutting down and abandoning module MovieSceneCapture (234)
[2016.09.19-21.25.00:324][456]LogModuleManager: Shutting down and abandoning module HierarchicalLODOutliner (233)
[2016.09.19-21.25.00:324][456]LogModuleManager: Shutting down and abandoning module CrashTracker (232)
[2016.09.19-21.25.00:324][456]LogModuleManager: Shutting down and abandoning module SceneOutliner (231)
[2016.09.19-21.25.00:324][456]LogModuleManager: Shutting down and abandoning module WidgetCarousel (230)
[2016.09.19-21.25.00:324][456]LogModuleManager: Shutting down and abandoning module AddContentDialog (229)
[2016.09.19-21.25.00:324][456]LogDirectoryWatcher: A directory notification for 'C:/Program Files (x86)/Epic Games/4.13/FeaturePacks/' was aborted.
[2016.09.19-21.25.00:326][456]LogModuleManager: Shutting down and abandoning module GameplayTags (228)
[2016.09.19-21.25.00:326][456]LogModuleManager: Shutting down and abandoning module EditorWidgets (227)
[2016.09.19-21.25.00:326][456]LogModuleManager: Shutting down and abandoning module CollectionManager (226)
[2016.09.19-21.25.00:326][456]LogDirectoryWatcher: A directory notification for 'C:/Users/pezla/OneDrive/Documents/GitHub/Mysterybox/MultiScope/Content/Collections/' was aborted.
[2016.09.19-21.25.00:326][456]LogDirectoryWatcher: A directory notification for 'C:/Users/pezla/OneDrive/Documents/GitHub/Mysterybox/MultiScope/Content/Developers/pezla/Collections/' was aborted.
[2016.09.19-21.25.00:326][456]LogDirectoryWatcher: A directory notification for 'C:/Users/pezla/OneDrive/Documents/GitHub/Mysterybox/MultiScope/Saved/Collections/' was aborted.
[2016.09.19-21.25.00:326][456]LogModuleManager: Shutting down and abandoning module StatsViewer (225)
[2016.09.19-21.25.00:326][456]LogModuleManager: Shutting down and abandoning module FoliageEdit (224)
[2016.09.19-21.25.00:326][456]LogModuleManager: Shutting down and abandoning module LandscapeEditor (223)
[2016.09.19-21.25.00:327][456]LogModuleManager: Shutting down and abandoning module SceneDepthPickerMode (222)
[2016.09.19-21.25.00:327][456]LogModuleManager: Shutting down and abandoning module ActorPickerMode (221)
[2016.09.19-21.25.00:327][456]LogModuleManager: Shutting down and abandoning module GeometryMode (220)
[2016.09.19-21.25.00:327][456]LogModuleManager: Shutting down and abandoning module TextureAlignMode (219)
[2016.09.19-21.25.00:327][456]LogModuleManager: Shutting down and abandoning module BspMode (218)
[2016.09.19-21.25.00:327][456]LogModuleManager: Shutting down and abandoning module HardwareSurvey (217)
[2016.09.19-21.25.00:327][456]LogModuleManager: Shutting down and abandoning module SequenceRecorderSections (216)
[2016.09.19-21.25.00:327][456]LogModuleManager: Shutting down and abandoning module SequenceRecorder (215)
[2016.09.19-21.25.00:327][456]LogModuleManager: Shutting down and abandoning module AutomationWorker (214)
[2016.09.19-21.25.00:327][456]LogModuleManager: Shutting down and abandoning module MatineeToLevelSequence (213)
[2016.09.19-21.25.00:327][456]LogModuleManager: Shutting down and abandoning module PlacementMode (212)
[2016.09.19-21.25.00:327][456]LogModuleManager: Shutting down and abandoning module LevelSequenceEditor (211)
[2016.09.19-21.25.00:328][456]LogModuleManager: Shutting down and abandoning module WmfMediaFactory (210)
[2016.09.19-21.25.00:328][456]LogModuleManager: Shutting down and abandoning module WmfMediaEditor (209)
[2016.09.19-21.25.00:328][456]LogModuleManager: Shutting down and abandoning module AvfMediaFactory (208)
[2016.09.19-21.25.00:328][456]LogModuleManager: Shutting down and abandoning module AvfMediaEditor (207)
[2016.09.19-21.25.00:328][456]LogModuleManager: Shutting down and abandoning module Media (206)
[2016.09.19-21.25.00:328][456]LogModuleManager: Shutting down and abandoning module AndroidMediaFactory (205)
[2016.09.19-21.25.00:328][456]LogModuleManager: Shutting down and abandoning module AndroidMediaEditor (204)
[2016.09.19-21.25.00:328][456]LogModuleManager: Shutting down and abandoning module CharacterAI (203)
[2016.09.19-21.25.00:328][456]LogModuleManager: Shutting down and abandoning module SmartSnapping (202)
[2016.09.19-21.25.00:328][456]LogModuleManager: Shutting down and abandoning module SessionServices (201)
[2016.09.19-21.25.00:328][456]LogModuleManager: Shutting down and abandoning module ViewportSnapping (200)
[2016.09.19-21.25.00:328][456]LogModuleManager: Shutting down and abandoning module ViewportInteraction (199)
[2016.09.19-21.25.00:328][456]LogModuleManager: Shutting down and abandoning module LogVisualizer (198)
[2016.09.19-21.25.00:328][456]LogModuleManager: Shutting down and abandoning module GameProjectGeneration (197)
[2016.09.19-21.25.00:329][456]LogModuleManager: Shutting down and abandoning module IntroTutorials (196)
[2016.09.19-21.25.00:329][456]LogModuleManager: Shutting down and abandoning module EditorLiveStreaming (195)
[2016.09.19-21.25.00:329][456]LogModuleManager: Shutting down and abandoning module IOSPlatformEditor (194)
[2016.09.19-21.25.00:329][456]LogModuleManager: Shutting down and abandoning module HTML5PlatformEditor (193)
[2016.09.19-21.25.00:329][456]LogModuleManager: Shutting down and abandoning module AndroidDeviceDetection (192)
[2016.09.19-21.25.01:135][456]LogModuleManager: Shutting down and abandoning module AndroidPlatformEditor (191)
[2016.09.19-21.25.01:136][456]LogModuleManager: Shutting down and abandoning module IOSRuntimeSettings (190)
[2016.09.19-21.25.01:136][456]LogModuleManager: Shutting down and abandoning module AndroidRuntimeSettings (189)
[2016.09.19-21.25.01:136][456]LogModuleManager: Shutting down and abandoning module NiagaraEditor (188)
[2016.09.19-21.25.01:137][456]LogModuleManager: Shutting down and abandoning module MergeActors (187)
[2016.09.19-21.25.01:137][456]LogModuleManager: Shutting down and abandoning module SizeMap (186)
[2016.09.19-21.25.01:137][456]LogModuleManager: Shutting down and abandoning module TreeMap (185)
[2016.09.19-21.25.01:137][456]LogModuleManager: Shutting down and abandoning module ReferenceViewer (184)
[2016.09.19-21.25.01:137][456]LogModuleManager: Shutting down and abandoning module LocalizationService (183)
[2016.09.19-21.25.01:137][456]LogModuleManager: Shutting down and abandoning module LocalizationDashboard (182)
[2016.09.19-21.25.01:137][456]LogModuleManager: Shutting down and abandoning module HardwareTargeting (181)
[2016.09.19-21.25.01:138][456]LogModuleManager: Shutting down and abandoning module DeviceProfileEditor (180)
[2016.09.19-21.25.01:138][456]LogModuleManager: Shutting down and abandoning module UndoHistory (179)
[2016.09.19-21.25.01:138][456]LogModuleManager: Shutting down and abandoning module UserFeedback (178)
[2016.09.19-21.25.01:138][456]LogModuleManager: Shutting down and abandoning module XmlParser (177)
[2016.09.19-21.25.01:138][456]LogModuleManager: Shutting down and abandoning module Blutility (176)
[2016.09.19-21.25.01:138][456]LogModuleManager: Shutting down and abandoning module ProjectTargetPlatformEditor (175)
[2016.09.19-21.25.01:138][456]LogModuleManager: Shutting down and abandoning module ProjectSettingsViewer (174)
[2016.09.19-21.25.01:138][456]LogModuleManager: Shutting down and abandoning module InputBindingEditor (173)
[2016.09.19-21.25.01:138][456]LogModuleManager: Shutting down and abandoning module EditorSettingsViewer (172)
[2016.09.19-21.25.01:138][456]LogModuleManager: Shutting down and abandoning module SettingsEditor (171)
[2016.09.19-21.25.01:138][456]LogModuleManager: Shutting down and abandoning module ProjectLauncher (170)
[2016.09.19-21.25.01:139][456]LogModuleManager: Shutting down and abandoning module SessionFrontend (169)
[2016.09.19-21.25.01:139][456]LogModuleManager: Shutting down and abandoning module ProfilerClient (168)
[2016.09.19-21.25.01:140][456]LogModuleManager: Shutting down and abandoning module TargetDeviceServices (167)
[2016.09.19-21.25.01:140][456]LogModuleManager: Shutting down and abandoning module DeviceManager (166)
[2016.09.19-21.25.01:193][456]LogModuleManager: Shutting down and abandoning module AutomationController (165)
[2016.09.19-21.25.01:193][456]LogModuleManager: Shutting down and abandoning module AutomationWindow (164)
[2016.09.19-21.25.01:194][456]LogModuleManager: Shutting down and abandoning module Layers (163)
[2016.09.19-21.25.01:196][456]LogModuleManager: Shutting down and abandoning module ComponentVisualizers (162)
[2016.09.19-21.25.01:196][456]LogModuleManager: Shutting down and abandoning module DetailCustomizations (161)
[2016.09.19-21.25.01:196][456]LogModuleManager: Shutting down and abandoning module PackagesDialog (160)
[2016.09.19-21.25.01:196][456]LogModuleManager: Shutting down and abandoning module AnimGraph (159)
[2016.09.19-21.25.01:196][456]LogModuleManager: Shutting down and abandoning module Persona (158)
[2016.09.19-21.25.01:197][456]LogModuleManager: Shutting down and abandoning module Kismet (157)
[2016.09.19-21.25.01:207][456]LogModuleManager: Shutting down and abandoning module GraphEditor (156)
[2016.09.19-21.25.01:207][456]LogModuleManager: Shutting down and abandoning module ClassViewer (155)
[2016.09.19-21.25.01:207][456]LogModuleManager: Shutting down and abandoning module Toolbox (154)
[2016.09.19-21.25.01:207][456]LogModuleManager: Shutting down and abandoning module ModuleUI (153)
[2016.09.19-21.25.01:208][456]LogModuleManager: Shutting down and abandoning module MovieSceneTools (152)
[2016.09.19-21.25.01:208][456]LogModuleManager: Shutting down and abandoning module OutputLog (151)
[2016.09.19-21.25.01:208][456]LogModuleManager: Shutting down and abandoning module GammaUI (150)
[2016.09.19-21.25.01:208][456]LogModuleManager: Shutting down and abandoning module Documentation (149)
[2016.09.19-21.25.01:209][456]LogModuleManager: Shutting down and abandoning module Niagara (148)
[2016.09.19-21.25.01:209][456]LogModuleManager: Shutting down and abandoning module StreamingPauseRendering (147)
[2016.09.19-21.25.01:209][456]LogModuleManager: Shutting down and abandoning module AnalyticsET (146)
[2016.09.19-21.25.01:209][456]LogModuleManager: Shutting down and abandoning module PortalServices (145)
[2016.09.19-21.25.01:209][456]LogModuleManager: Shutting down and abandoning module PortalRpc (144)
[2016.09.19-21.25.01:209][456]LogModuleManager: Shutting down and abandoning module MessagingRpc (143)
[2016.09.19-21.25.01:209][456]LogModuleManager: Shutting down and abandoning module GameplayDebugger (142)
[2016.09.19-21.25.01:209][456]LogModuleManager: Shutting down and abandoning module AITestSuite (141)
[2016.09.19-21.25.01:209][456]LogModuleManager: Shutting down and abandoning module AIModule (140)
[2016.09.19-21.25.01:209][456]LogModuleManager: Shutting down and abandoning module ProfilerService (139)
[2016.09.19-21.25.01:288][456]LogModuleManager: Shutting down and abandoning module TaskGraph (138)
[2016.09.19-21.25.01:289][456]LogModuleManager: Shutting down and abandoning module SlateRemote (137)
[2016.09.19-21.25.01:289][456]LogModuleManager: Shutting down and abandoning module SteamVRController (136)
[2016.09.19-21.25.01:289][456]LogModuleManager: Shutting down and abandoning module SteamVR (135)
[2016.09.19-21.25.01:289][456]LogModuleManager: Shutting down and abandoning module ProceduralMeshComponentEditor (134)
[2016.09.19-21.25.01:289][456]LogModuleManager: Shutting down and abandoning module ProceduralMeshComponent (133)
[2016.09.19-21.25.01:289][456]LogModuleManager: Shutting down and abandoning module OculusLibrary (132)
[2016.09.19-21.25.01:289][456]LogModuleManager: Shutting down and abandoning module OculusInput (131)
[2016.09.19-21.25.01:289][456]LogModuleManager: Shutting down and abandoning module CustomMeshComponent (130)
[2016.09.19-21.25.01:289][456]LogModuleManager: Shutting down and abandoning module CableComponent (129)
[2016.09.19-21.25.01:289][456]LogModuleManager: Shutting down and abandoning module ArchVisCharacter (128)
[2016.09.19-21.25.01:289][456]LogModuleManager: Shutting down and abandoning module MediaPlayerEditor (126)
[2016.09.19-21.25.01:290][456]LogModuleManager: Shutting down and abandoning module HTML5Networking (125)
[2016.09.19-21.25.01:290][456]LogModuleManager: Shutting down and abandoning module GeometryCacheEd (124)
[2016.09.19-21.25.01:290][456]LogModuleManager: Shutting down and abandoning module GeometryCache (123)
[2016.09.19-21.25.01:290][456]LogModuleManager: Shutting down and abandoning module AlembicLibrary (122)
[2016.09.19-21.25.01:290][456]LogModuleManager: Shutting down and abandoning module AlembicImporter (121)
[2016.09.19-21.25.01:290][456]LogModuleManager: Shutting down and abandoning module SuperSearch (120)
[2016.09.19-21.25.01:290][456]LogModuleManager: Shutting down and abandoning module SuperSearchEditor (119)
[2016.09.19-21.25.01:290][456]LogModuleManager: Shutting down and abandoning module SpeedTreeImporter (118)
[2016.09.19-21.25.01:290][456]LogModuleManager: Shutting down and abandoning module PluginBrowser (117)
[2016.09.19-21.25.01:291][456]LogModuleManager: Shutting down and abandoning module MobileLauncherProfileWizard (116)
[2016.09.19-21.25.01:291][456]LogModuleManager: Shutting down and abandoning module EpicSurvey (115)
[2016.09.19-21.25.01:291][456]LogModuleManager: Shutting down and abandoning module DesktopPlatform (114)
[2016.09.19-21.25.01:291][456]LogModuleManager: Shutting down and abandoning module VisualStudioSourceCodeAccess (113)
[2016.09.19-21.25.01:291][456]LogModuleManager: Shutting down and abandoning module UObjectPlugin (112)
[2016.09.19-21.25.01:291][456]LogModuleManager: Shutting down and abandoning module SubversionSourceControl (111)
[2016.09.19-21.25.01:291][456]LogModuleManager: Shutting down and abandoning module PerforceSourceControl (110)
[2016.09.19-21.25.01:291][456]LogModuleManager: Shutting down and abandoning module SourceControl (109)
[2016.09.19-21.25.01:292][456]LogModuleManager: Shutting down and abandoning module GitSourceControl (108)
[2016.09.19-21.25.01:292][456]LogModuleManager: Shutting down and abandoning module LightPropagationVolumeEditor (107)
[2016.09.19-21.25.01:292][456]LogModuleManager: Shutting down and abandoning module PaperTiledImporter (106)
[2016.09.19-21.25.01:292][456]LogModuleManager: Shutting down and abandoning module PaperSpriteSheetImporter (105)
[2016.09.19-21.25.01:292][456]LogModuleManager: Shutting down and abandoning module MeshPaint (104)
[2016.09.19-21.25.01:292][456]LogModuleManager: Shutting down and abandoning module FbxAutomationBuilderModule (103)
[2016.09.19-21.25.01:292][456]LogModuleManager: Shutting down and abandoning module PixelInspectorModule (102)
[2016.09.19-21.25.01:292][456]LogModuleManager: Shutting down and abandoning module HotReload (101)
[2016.09.19-21.25.01:293][456]LogModuleManager: Shutting down and abandoning module MainFrame (100)
[2016.09.19-21.25.01:293][456]LogModuleManager: Shutting down and abandoning module LevelEditor (99)
[2016.09.19-21.25.01:295][456]LogModuleManager: Shutting down and abandoning module ContentBrowser (98)
[2016.09.19-21.25.01:296][456]LogModuleManager: Shutting down and abandoning module Paper2DEditor (97)
[2016.09.19-21.25.01:297][456]LogModuleManager: Shutting down and abandoning module UdpMessaging (96)
[2016.09.19-21.25.01:398][456]LogModuleManager: Shutting down and abandoning module TcpMessaging (95)
[2016.09.19-21.25.01:398][456]LogModuleManager: Shutting down and abandoning module LightPropagationVolumeRuntime (94)
[2016.09.19-21.25.01:398][456]LogModuleManager: Shutting down and abandoning module Paper2D (93)
[2016.09.19-21.25.01:398][456]LogModuleManager: Shutting down and abandoning module WindowsMoviePlayer (92)
[2016.09.19-21.25.01:398][456]LogModuleManager: Shutting down and abandoning module WmfMedia (91)
[2016.09.19-21.25.01:399][456]LogModuleManager: Shutting down and abandoning module MediaAssets (90)
[2016.09.19-21.25.01:399][456]LogModuleManager: Shutting down and abandoning module GameLiveStreaming (89)
[2016.09.19-21.25.01:399][456]LogModuleManager: Shutting down and abandoning module GameplayTagsEditor (88)
[2016.09.19-21.25.01:399][456]LogModuleManager: Shutting down and abandoning module VREditor (87)
[2016.09.19-21.25.01:399][456]LogModuleManager: Shutting down and abandoning module GameplayTasksEditor (86)
[2016.09.19-21.25.01:399][456]LogModuleManager: Shutting down and abandoning module PropertyEditor (85)
[2016.09.19-21.25.01:399][456]LogModuleManager: Shutting down and abandoning module BehaviorTreeEditor (84)
[2016.09.19-21.25.01:399][456]LogModuleManager: Shutting down and abandoning module FunctionalTesting (83)
[2016.09.19-21.25.01:400][456]LogModuleManager: Shutting down and abandoning module CollisionAnalyzer (82)
[2016.09.19-21.25.01:400][456]LogModuleManager: Shutting down and abandoning module Sequencer (81)
[2016.09.19-21.25.01:401][456]LogModuleManager: Shutting down and abandoning module WorkspaceMenuStructure (80)
[2016.09.19-21.25.01:401][456]LogModuleManager: Shutting down and abandoning module MessageLog (79)
[2016.09.19-21.25.01:401][456]LogModuleManager: Shutting down and abandoning module AssetTools (78)
[2016.09.19-21.25.01:403][456]LogModuleManager: Shutting down and abandoning module UMGEditor (77)
[2016.09.19-21.25.01:404][456]LogModuleManager: Shutting down and abandoning module UMG (76)
[2016.09.19-21.25.01:405][456]LogModuleManager: Shutting down and abandoning module SlateReflector (75)
[2016.09.19-21.25.01:406][456]LogModuleManager: Shutting down and abandoning module Slate (74)
[2016.09.19-21.25.01:406][456]LogModuleManager: Shutting down and abandoning module EditorStyle (73)
[2016.09.19-21.25.01:411][456]LogModuleManager: Shutting down and abandoning module SourceCodeAccess (72)
[2016.09.19-21.25.01:411][456]LogModuleManager: Shutting down and abandoning module HeadMountedDisplay (71)
[2016.09.19-21.25.01:411][456]LogModuleManager: Shutting down and abandoning module XAudio2 (70)
[2016.09.19-21.25.01:411][456]LogModuleManager: Shutting down and abandoning module Networking (68)
[2016.09.19-21.25.01:411][456]LogModuleManager: Shutting down and abandoning module Core (67)
[2016.09.19-21.25.01:411][456]LogModuleManager: Shutting down and abandoning module DirectoryWatcher (66)
[2016.09.19-21.25.01:411][456]LogDirectoryWatcher: A directory notification for '../../../Engine/Content/' was aborted.
[2016.09.19-21.25.01:411][456]LogDirectoryWatcher: A directory notification for '../../../../../../Users/pezla/OneDrive/Documents/GitHub/Mysterybox/MultiScope/Content/' was aborted.
[2016.09.19-21.25.01:411][456]LogDirectoryWatcher: A directory notification for '../../../Engine/Plugins/2D/Paper2D/Content/' was aborted.
[2016.09.19-21.25.01:412][456]LogModuleManager: Shutting down and abandoning module AssetRegistry (65)
[2016.09.19-21.25.01:504][456]LogModuleManager: Shutting down and abandoning module KismetCompiler (64)
[2016.09.19-21.25.01:504][456]LogModuleManager: Shutting down and abandoning module PhysXFormats (63)
[2016.09.19-21.25.01:504][456]LogModuleManager: Shutting down and abandoning module MeshUtilities (62)
[2016.09.19-21.25.01:504][456]LogModuleManager: Shutting down and abandoning module DerivedDataCache (61)
[2016.09.19-21.25.01:507][456]LogDerivedDataCache: Shutdown
[2016.09.19-21.25.01:507][456]LogModuleManager: Shutting down and abandoning module VulkanShaderFormat (60)
[2016.09.19-21.25.01:507][456]LogModuleManager: Shutting down and abandoning module ShaderFormatOpenGL (59)
[2016.09.19-21.25.01:508][456]LogModuleManager: Shutting down and abandoning module ShaderFormatD3D (58)
[2016.09.19-21.25.01:508][456]LogModuleManager: Shutting down and abandoning module MetalShaderFormat (57)
[2016.09.19-21.25.01:509][456]LogModuleManager: Shutting down and abandoning module TextureFormatUncompressed (56)
[2016.09.19-21.25.01:509][456]LogModuleManager: Shutting down and abandoning module TextureFormatPVR (55)
[2016.09.19-21.25.01:509][456]LogModuleManager: Shutting down and abandoning module TextureFormatDXT (54)
[2016.09.19-21.25.01:509][456]LogModuleManager: Shutting down and abandoning module TextureFormatIntelISPCTexComp (53)
[2016.09.19-21.25.01:509][456]LogModuleManager: Shutting down and abandoning module ImageWrapper (52)
[2016.09.19-21.25.01:509][456]LogModuleManager: Shutting down and abandoning module TextureFormatASTC (51)
[2016.09.19-21.25.01:509][456]LogModuleManager: Shutting down and abandoning module TextureFormatAndroid (50)
[2016.09.19-21.25.01:509][456]LogModuleManager: Shutting down and abandoning module AudioFormatOpus (49)
[2016.09.19-21.25.01:509][456]LogModuleManager: Shutting down and abandoning module AudioFormatOgg (48)
[2016.09.19-21.25.01:509][456]LogModuleManager: Shutting down and abandoning module AudioFormatADPCM (47)
[2016.09.19-21.25.01:509][456]LogModuleManager: Shutting down and abandoning module LinuxTargetPlatform (46)
[2016.09.19-21.25.01:509][456]LogModuleManager: Shutting down and abandoning module LinuxServerTargetPlatform (45)
[2016.09.19-21.25.01:509][456]LogModuleManager: Shutting down and abandoning module LinuxNoEditorTargetPlatform (44)
[2016.09.19-21.25.01:510][456]LogModuleManager: Shutting down and abandoning module LinuxClientTargetPlatform (43)
[2016.09.19-21.25.01:510][456]LogModuleManager: Shutting down and abandoning module TVOSTargetPlatform (42)
[2016.09.19-21.25.01:510][456]LogModuleManager: Shutting down and abandoning module Messaging (41)
[2016.09.19-21.25.01:510][456]LogModuleManager: Shutting down and abandoning module IOSTargetPlatform (40)
[2016.09.19-21.25.01:510][456]LogModuleManager: Shutting down and abandoning module HTML5TargetPlatform (39)
[2016.09.19-21.25.01:510][456]LogModuleManager: Shutting down and abandoning module Android_PVRTCTargetPlatform (38)
[2016.09.19-21.25.01:510][456]LogModuleManager: Shutting down and abandoning module Android_MultiTargetPlatform (37)
[2016.09.19-21.25.01:510][456]LogModuleManager: Shutting down and abandoning module Android_ETC2TargetPlatform (36)
[2016.09.19-21.25.01:510][456]LogModuleManager: Shutting down and abandoning module Android_ETC1TargetPlatform (35)
[2016.09.19-21.25.01:510][456]LogModuleManager: Shutting down and abandoning module Android_DXTTargetPlatform (34)
[2016.09.19-21.25.01:510][456]LogModuleManager: Shutting down and abandoning module Android_ATCTargetPlatform (33)
[2016.09.19-21.25.01:510][456]LogModuleManager: Shutting down and abandoning module Android_ASTCTargetPlatform (32)
[2016.09.19-21.25.01:510][456]LogModuleManager: Shutting down and abandoning module AndroidTargetPlatform (31)
[2016.09.19-21.25.01:510][456]LogModuleManager: Shutting down and abandoning module WindowsTargetPlatform (30)
[2016.09.19-21.25.01:510][456]LogModuleManager: Shutting down and abandoning module WindowsServerTargetPlatform (29)
[2016.09.19-21.25.01:510][456]LogModuleManager: Shutting down and abandoning module WindowsNoEditorTargetPlatform (28)
[2016.09.19-21.25.01:510][456]LogModuleManager: Shutting down and abandoning module WindowsClientTargetPlatform (27)
[2016.09.19-21.25.01:510][456]LogModuleManager: Shutting down and abandoning module AllDesktopTargetPlatform (26)
[2016.09.19-21.25.01:510][456]LogModuleManager: Shutting down and abandoning module TargetPlatform (25)
[2016.09.19-21.25.01:510][456]LogModuleManager: Shutting down and abandoning module InputCore (24)
[2016.09.19-21.25.01:510][456]LogModuleManager: Shutting down and abandoning module Settings (23)
[2016.09.19-21.25.01:510][456]LogModuleManager: Shutting down and abandoning module OculusRift (22)
[2016.09.19-21.25.01:510][456]LogModuleManager: Shutting down and abandoning module GearVR (21)
[2016.09.19-21.25.01:510][456]LogModuleManager: Shutting down and abandoning module ExampleDeviceProfileSelector (20)
[2016.09.19-21.25.01:510][456]LogModuleManager: Shutting down and abandoning module OnlineBlueprintSupport (19)
[2016.09.19-21.25.01:510][456]LogModuleManager: Shutting down and abandoning module OnlineSubsystem (17)
[2016.09.19-21.25.01:510][456]LogOnline:Display: Unloading online subsystem: NULL
[2016.09.19-21.25.01:511][456]LogModuleManager: Shutting down and abandoning module HTTP (16)
[2016.09.19-21.25.01:511][456]LogHttp:Display: Http module shutting down, but needs to wait on 1 outstanding Http requests:
[2016.09.19-21.25.01:511][456]LogHttp:Display: 	verb=[POST] url=[https://datarouter.ol.epicgames.com/datarouter/api/v1/public/data?SessionID=%7BB067B220-46E2-B4C3-E004-D6901F380CA9%7D&AppID=UEEditor.Rocket.Release&AppVersion=%2B%2BUE4%2BRelease-4.13-CL-3106830&UserID=5de4b7bb4c621c456dd10ab8dab44d4c%7Cb095f9b64f86434693f38425788c089c%7C22013bbb-1a4c-4ef4-b1fc-fa73463436ad&AppEnvironment=datacollector-binary&UploadType=eteventstream] status=Processing
[2016.09.19-21.25.01:526][456]LogModuleManager: Shutting down and abandoning module XMPP (15)
[2016.09.19-21.25.01:527][456]LogModuleManager: Shutting down and abandoning module TextureCompressor (14)
[2016.09.19-21.25.01:527][456]LogModuleManager: Shutting down and abandoning module ShaderCore (13)
[2016.09.19-21.25.01:527][456]LogModuleManager: Shutting down and abandoning module Landscape (12)
[2016.09.19-21.25.01:527][456]LogModuleManager: Shutting down and abandoning module SlateRHIRenderer (11)
[2016.09.19-21.25.01:533][456]LogModuleManager: Shutting down and abandoning module OpenGLDrv (10)
[2016.09.19-21.25.01:533][456]LogModuleManager: Shutting down and abandoning module D3D11RHI (9)
[2016.09.19-21.25.01:533][456]LogModuleManager: Shutting down and abandoning module AnimGraphRuntime (8)
[2016.09.19-21.25.01:533][456]LogModuleManager: Shutting down and abandoning module Renderer (7)
[2016.09.19-21.25.01:533][456]LogModuleManager: Shutting down and abandoning module Engine (6)
[2016.09.19-21.25.01:533][456]LogModuleManager: Shutting down and abandoning module CoreUObject (5)
[2016.09.19-21.25.01:533][456]LogModuleManager: Shutting down and abandoning module NetworkFile (4)
[2016.09.19-21.25.01:533][456]LogModuleManager: Shutting down and abandoning module StreamingFile (3)
[2016.09.19-21.25.01:534][456]LogModuleManager: Shutting down and abandoning module SandboxFile (2)
[2016.09.19-21.25.01:534][456]LogModuleManager: Shutting down and abandoning module PakFile (1)
[2016.09.19-21.25.01:539][456]LogExit: Exiting.
[2016.09.19-21.25.01:541][456]Log file closed, 09/19/16 17:25:01
